2023-10-31 11:12:27.539 +01:00 [Information] User profile is available. Using '"C:\Users\Leon Li\AppData\Local\ASP.NET\DataProtection-Keys"' as key repository and Windows DPAPI to encrypt keys at rest.
2023-10-31 11:12:28.362 +01:00 [Information] Now listening on: "https://localhost:7242"
2023-10-31 11:12:28.363 +01:00 [Information] Now listening on: "http://localhost:5249"
2023-10-31 11:12:28.366 +01:00 [Information] Application started. Press Ctrl+C to shut down.
2023-10-31 11:12:28.367 +01:00 [Information] Hosting environment: "Development"
2023-10-31 11:12:28.367 +01:00 [Information] Content root path: "C:\Users\Leon Li\source\repos\LeonTLam\GroupAssignment2\GroupAssignment2\"
2023-10-31 11:12:28.762 +01:00 [Information] Request starting HTTP/2 GET https://localhost:7242/ - -
2023-10-31 11:12:28.837 +01:00 [Information] Executing endpoint '"GroupAssignment2.Controllers.HomeController.Index (GroupAssignment2)"'
2023-10-31 11:12:28.849 +01:00 [Information] Route matched with "{action = \"Index\", controller = \"Home\", page = \"\", area = \"\"}". Executing controller action with signature "System.Threading.Tasks.Task`1[Microsoft.AspNetCore.Mvc.IActionResult] Index()" on controller "GroupAssignment2.Controllers.HomeController" ("GroupAssignment2").
2023-10-31 11:12:28.940 +01:00 [Information] Executing action method "GroupAssignment2.Controllers.HomeController.Index (GroupAssignment2)" - Validation state: Valid
2023-10-31 11:12:28.981 +01:00 [Information] Executed action method "GroupAssignment2.Controllers.HomeController.Index (GroupAssignment2)", returned result "Microsoft.AspNetCore.Mvc.ViewResult" in 38.2102ms.
2023-10-31 11:12:28.987 +01:00 [Information] Executing ViewResult, running view "Index".
2023-10-31 11:12:29.141 +01:00 [Information] Executed ViewResult - view "Index" executed in 154.5466ms.
2023-10-31 11:12:29.146 +01:00 [Information] Executed action "GroupAssignment2.Controllers.HomeController.Index (GroupAssignment2)" in 296.9659ms
2023-10-31 11:12:29.146 +01:00 [Information] Executed endpoint '"GroupAssignment2.Controllers.HomeController.Index (GroupAssignment2)"'
2023-10-31 11:12:29.166 +01:00 [Information] Request starting HTTP/2 GET https://localhost:7242/lib/jquery-validate/jquery.validate.js - -
2023-10-31 11:12:29.166 +01:00 [Information] Request starting HTTP/2 GET https://localhost:7242/lib/jquery-validation-unobtrusive/jquery.validate.unobtrusive.js - -
2023-10-31 11:12:29.166 +01:00 [Information] Request starting HTTP/2 GET https://localhost:7242/css/_Layout.css - -
2023-10-31 11:12:29.166 +01:00 [Information] Request starting HTTP/2 GET https://localhost:7242/images/layout/burgerIcon.png - -
2023-10-31 11:12:29.166 +01:00 [Information] Request starting HTTP/2 GET https://localhost:7242/lib/jquery/jquery.js - -
2023-10-31 11:12:29.166 +01:00 [Information] Request starting HTTP/2 GET https://localhost:7242/lib/bootstrap/js/bootstrap.js - -
2023-10-31 11:12:29.166 +01:00 [Information] Request starting HTTP/2 GET https://localhost:7242/css/index.css - -
2023-10-31 11:12:29.203 +01:00 [Information] Request finished HTTP/2 GET https://localhost:7242/lib/jquery-validate/jquery.validate.js - - - 404 0 - 26.5173ms
2023-10-31 11:12:29.210 +01:00 [Information] Request finished HTTP/2 GET https://localhost:7242/ - - - 200 - text/html;+charset=utf-8 451.3231ms
2023-10-31 11:12:29.241 +01:00 [Information] Sending file. Request path: '"/css/index.css"'. Physical path: '"C:\Users\Leon Li\source\repos\LeonTLam\GroupAssignment2\GroupAssignment2\wwwroot\css\index.css"'
2023-10-31 11:12:29.241 +01:00 [Information] Sending file. Request path: '"/lib/jquery/jquery.js"'. Physical path: '"C:\Users\Leon Li\source\repos\LeonTLam\GroupAssignment2\GroupAssignment2\wwwroot\lib\jquery\jquery.js"'
2023-10-31 11:12:29.241 +01:00 [Information] Sending file. Request path: '"/lib/jquery-validation-unobtrusive/jquery.validate.unobtrusive.js"'. Physical path: '"C:\Users\Leon Li\source\repos\LeonTLam\GroupAssignment2\GroupAssignment2\wwwroot\lib\jquery-validation-unobtrusive\jquery.validate.unobtrusive.js"'
2023-10-31 11:12:29.241 +01:00 [Information] Sending file. Request path: '"/css/_Layout.css"'. Physical path: '"C:\Users\Leon Li\source\repos\LeonTLam\GroupAssignment2\GroupAssignment2\wwwroot\css\_Layout.css"'
2023-10-31 11:12:29.241 +01:00 [Information] Request finished HTTP/2 GET https://localhost:7242/lib/jquery/jquery.js - - - 200 285314 application/javascript 75.6491ms
2023-10-31 11:12:29.241 +01:00 [Information] Sending file. Request path: '"/lib/bootstrap/js/bootstrap.js"'. Physical path: '"C:\Users\Leon Li\source\repos\LeonTLam\GroupAssignment2\GroupAssignment2\wwwroot\lib\bootstrap\js\bootstrap.js"'
2023-10-31 11:12:29.241 +01:00 [Information] Sending file. Request path: '"/images/layout/burgerIcon.png"'. Physical path: '"C:\Users\Leon Li\source\repos\LeonTLam\GroupAssignment2\GroupAssignment2\wwwroot\images\layout\burgerIcon.png"'
2023-10-31 11:12:29.241 +01:00 [Information] Request finished HTTP/2 GET https://localhost:7242/css/index.css - - - 200 803 text/css 75.1318ms
2023-10-31 11:12:29.241 +01:00 [Information] Request finished HTTP/2 GET https://localhost:7242/css/_Layout.css - - - 200 410 text/css 75.7659ms
2023-10-31 11:12:29.241 +01:00 [Information] Request finished HTTP/2 GET https://localhost:7242/lib/jquery-validation-unobtrusive/jquery.validate.unobtrusive.js - - - 200 19820 application/javascript 75.5758ms
2023-10-31 11:12:29.241 +01:00 [Information] Request finished HTTP/2 GET https://localhost:7242/lib/bootstrap/js/bootstrap.js - - - 200 145313 application/javascript 75.8089ms
2023-10-31 11:12:29.241 +01:00 [Information] Request finished HTTP/2 GET https://localhost:7242/images/layout/burgerIcon.png - - - 200 1664 image/png 75.4618ms
2023-10-31 11:12:29.246 +01:00 [Information] Request starting HTTP/2 GET https://localhost:7242/css/_Button.css - -
2023-10-31 11:12:29.249 +01:00 [Information] Sending file. Request path: '"/css/_Button.css"'. Physical path: '"C:\Users\Leon Li\source\repos\LeonTLam\GroupAssignment2\GroupAssignment2\wwwroot\css\_Button.css"'
2023-10-31 11:12:29.250 +01:00 [Information] Request finished HTTP/2 GET https://localhost:7242/css/_Button.css - - - 200 2319 text/css 4.3035ms
2023-10-31 11:12:29.252 +01:00 [Information] Request starting HTTP/2 GET https://localhost:7242/_framework/aspnetcore-browser-refresh.js - -
2023-10-31 11:12:29.252 +01:00 [Information] Request starting HTTP/2 GET https://localhost:7242/js/site.js?v=4q1jwFhaPaZgr8WAUSrux6hAuh0XDg9kPS3xIVq36I0 - -
2023-10-31 11:12:29.253 +01:00 [Information] Request starting HTTP/2 GET https://localhost:7242/_vs/browserLink - -
2023-10-31 11:12:29.254 +01:00 [Information] Sending file. Request path: '"/js/site.js"'. Physical path: '"C:\Users\Leon Li\source\repos\LeonTLam\GroupAssignment2\GroupAssignment2\wwwroot\js\site.js"'
2023-10-31 11:12:29.254 +01:00 [Information] Request finished HTTP/2 GET https://localhost:7242/js/site.js?v=4q1jwFhaPaZgr8WAUSrux6hAuh0XDg9kPS3xIVq36I0 - - - 200 230 application/javascript 2.0594ms
2023-10-31 11:12:29.256 +01:00 [Information] Request finished HTTP/2 GET https://localhost:7242/_framework/aspnetcore-browser-refresh.js - - - 200 12364 application/javascript;+charset=utf-8 4.1758ms
2023-10-31 11:12:29.268 +01:00 [Information] Request finished HTTP/2 GET https://localhost:7242/_vs/browserLink - - - 200 - text/javascript;+charset=UTF-8 15.7971ms
2023-10-31 11:12:29.269 +01:00 [Information] Request starting HTTP/2 GET https://localhost:7242/images/home/jumbotron.jpg - -
2023-10-31 11:12:29.271 +01:00 [Information] Sending file. Request path: '"/images/home/jumbotron.jpg"'. Physical path: '"C:\Users\Leon Li\source\repos\LeonTLam\GroupAssignment2\GroupAssignment2\wwwroot\images\home\jumbotron.jpg"'
2023-10-31 11:12:29.272 +01:00 [Information] Request finished HTTP/2 GET https://localhost:7242/images/home/jumbotron.jpg - - - 200 282612 image/jpeg 3.0762ms
2023-10-31 11:12:39.136 +01:00 [Information] Request starting HTTP/2 GET https://localhost:7242/Transaction/OrderComplete/1 - -
2023-10-31 11:12:39.147 +01:00 [Information] Executing endpoint '"GroupAssignment2.Controllers.TransactionController.OrderCompleteAsync (GroupAssignment2)"'
2023-10-31 11:12:39.156 +01:00 [Information] Route matched with "{action = \"OrderComplete\", controller = \"Transaction\", page = \"\", area = \"\"}". Executing controller action with signature "System.Threading.Tasks.Task`1[Microsoft.AspNetCore.Mvc.IActionResult] OrderCompleteAsync(Int32)" on controller "GroupAssignment2.Controllers.TransactionController" ("GroupAssignment2").
2023-10-31 11:12:39.184 +01:00 [Information] Executing action method "GroupAssignment2.Controllers.TransactionController.OrderCompleteAsync (GroupAssignment2)" - Validation state: Valid
2023-10-31 11:12:39.211 +01:00 [Information] Executed action method "GroupAssignment2.Controllers.TransactionController.OrderCompleteAsync (GroupAssignment2)", returned result "Microsoft.AspNetCore.Mvc.ViewResult" in 27.3034ms.
2023-10-31 11:12:39.212 +01:00 [Information] Executing ViewResult, running view "OrderComplete".
2023-10-31 11:12:39.225 +01:00 [Information] Executed ViewResult - view "OrderComplete" executed in 13.3528ms.
2023-10-31 11:12:39.225 +01:00 [Information] Executed action "GroupAssignment2.Controllers.TransactionController.OrderCompleteAsync (GroupAssignment2)" in 69.1529ms
2023-10-31 11:12:39.225 +01:00 [Information] Executed endpoint '"GroupAssignment2.Controllers.TransactionController.OrderCompleteAsync (GroupAssignment2)"'
2023-10-31 11:12:39.228 +01:00 [Information] Request finished HTTP/2 GET https://localhost:7242/Transaction/OrderComplete/1 - - - 200 - text/html;+charset=utf-8 92.2889ms
2023-10-31 11:12:39.231 +01:00 [Information] Request starting HTTP/2 GET https://localhost:7242/lib/jquery-validate/jquery.validate.js - -
2023-10-31 11:12:39.231 +01:00 [Information] Request starting HTTP/2 GET https://localhost:7242/images/transaction/accept.png - -
2023-10-31 11:12:39.232 +01:00 [Information] Request starting HTTP/2 GET https://localhost:7242/_framework/aspnetcore-browser-refresh.js - -
2023-10-31 11:12:39.232 +01:00 [Information] Request finished HTTP/2 GET https://localhost:7242/_framework/aspnetcore-browser-refresh.js - - - 200 12364 application/javascript;+charset=utf-8 0.3890ms
2023-10-31 11:12:39.233 +01:00 [Information] Sending file. Request path: '"/images/transaction/accept.png"'. Physical path: '"C:\Users\Leon Li\source\repos\LeonTLam\GroupAssignment2\GroupAssignment2\wwwroot\images\transaction\accept.png"'
2023-10-31 11:12:39.234 +01:00 [Information] Request finished HTTP/2 GET https://localhost:7242/lib/jquery-validate/jquery.validate.js - - - 404 0 - 2.3255ms
2023-10-31 11:12:39.234 +01:00 [Information] Request finished HTTP/2 GET https://localhost:7242/images/transaction/accept.png - - - 200 17264 image/png 2.3098ms
2023-10-31 11:12:39.240 +01:00 [Information] Request starting HTTP/2 GET https://localhost:7242/_vs/browserLink - -
2023-10-31 11:12:39.245 +01:00 [Information] Request finished HTTP/2 GET https://localhost:7242/_vs/browserLink - - - 200 - text/javascript;+charset=UTF-8 5.5012ms
2023-10-31 11:13:03.196 +01:00 [Information] Request starting HTTP/2 GET https://localhost:7242/Home - -
2023-10-31 11:13:03.197 +01:00 [Information] Executing endpoint '"GroupAssignment2.Controllers.HomeController.Index (GroupAssignment2)"'
2023-10-31 11:13:03.197 +01:00 [Information] Route matched with "{action = \"Index\", controller = \"Home\", page = \"\", area = \"\"}". Executing controller action with signature "System.Threading.Tasks.Task`1[Microsoft.AspNetCore.Mvc.IActionResult] Index()" on controller "GroupAssignment2.Controllers.HomeController" ("GroupAssignment2").
2023-10-31 11:13:03.212 +01:00 [Information] Executing action method "GroupAssignment2.Controllers.HomeController.Index (GroupAssignment2)" - Validation state: Valid
2023-10-31 11:13:03.212 +01:00 [Information] Executed action method "GroupAssignment2.Controllers.HomeController.Index (GroupAssignment2)", returned result "Microsoft.AspNetCore.Mvc.ViewResult" in 0.5538ms.
2023-10-31 11:13:03.212 +01:00 [Information] Executing ViewResult, running view "Index".
2023-10-31 11:13:03.222 +01:00 [Information] Executed ViewResult - view "Index" executed in 9.7156ms.
2023-10-31 11:13:03.222 +01:00 [Information] Executed action "GroupAssignment2.Controllers.HomeController.Index (GroupAssignment2)" in 24.9754ms
2023-10-31 11:13:03.222 +01:00 [Information] Executed endpoint '"GroupAssignment2.Controllers.HomeController.Index (GroupAssignment2)"'
2023-10-31 11:13:03.224 +01:00 [Information] Request finished HTTP/2 GET https://localhost:7242/Home - - - 200 - text/html;+charset=utf-8 28.3779ms
2023-10-31 11:13:03.230 +01:00 [Information] Request starting HTTP/2 GET https://localhost:7242/lib/jquery-validate/jquery.validate.js - -
2023-10-31 11:13:03.230 +01:00 [Information] Request starting HTTP/2 GET https://localhost:7242/css/index.css - -
2023-10-31 11:13:03.230 +01:00 [Information] Request starting HTTP/2 GET https://localhost:7242/css/_Button.css - -
2023-10-31 11:13:03.232 +01:00 [Information] Request finished HTTP/2 GET https://localhost:7242/lib/jquery-validate/jquery.validate.js - - - 404 0 - 2.1975ms
2023-10-31 11:13:03.237 +01:00 [Information] Sending file. Request path: '"/css/_Button.css"'. Physical path: '"C:\Users\Leon Li\source\repos\LeonTLam\GroupAssignment2\GroupAssignment2\wwwroot\css\_Button.css"'
2023-10-31 11:13:03.237 +01:00 [Information] Request starting HTTP/2 GET https://localhost:7242/_framework/aspnetcore-browser-refresh.js - -
2023-10-31 11:13:03.239 +01:00 [Information] Request starting HTTP/2 GET https://localhost:7242/_vs/browserLink - -
2023-10-31 11:13:03.245 +01:00 [Information] Sending file. Request path: '"/css/index.css"'. Physical path: '"C:\Users\Leon Li\source\repos\LeonTLam\GroupAssignment2\GroupAssignment2\wwwroot\css\index.css"'
2023-10-31 11:13:03.245 +01:00 [Information] Request finished HTTP/2 GET https://localhost:7242/_framework/aspnetcore-browser-refresh.js - - - 200 12364 application/javascript;+charset=utf-8 7.6633ms
2023-10-31 11:13:03.245 +01:00 [Information] Request finished HTTP/2 GET https://localhost:7242/css/index.css - - - 200 803 text/css 15.2122ms
2023-10-31 11:13:03.279 +01:00 [Information] Request finished HTTP/2 GET https://localhost:7242/css/_Button.css - - - 200 2319 text/css 49.1874ms
2023-10-31 11:13:03.283 +01:00 [Information] Request starting HTTP/2 GET https://localhost:7242/images/home/jumbotron.jpg - -
2023-10-31 11:13:03.293 +01:00 [Information] Sending file. Request path: '"/images/home/jumbotron.jpg"'. Physical path: '"C:\Users\Leon Li\source\repos\LeonTLam\GroupAssignment2\GroupAssignment2\wwwroot\images\home\jumbotron.jpg"'
2023-10-31 11:13:03.294 +01:00 [Information] Request finished HTTP/2 GET https://localhost:7242/images/home/jumbotron.jpg - - - 200 282612 image/jpeg 11.0169ms
2023-10-31 11:13:03.294 +01:00 [Information] Request finished HTTP/2 GET https://localhost:7242/_vs/browserLink - - - 200 - text/javascript;+charset=UTF-8 55.0671ms
2023-10-31 11:13:04.882 +01:00 [Information] Request starting HTTP/2 GET https://localhost:7242/ - -
2023-10-31 11:13:04.883 +01:00 [Information] Executing endpoint '"GroupAssignment2.Controllers.HomeController.Index (GroupAssignment2)"'
2023-10-31 11:13:04.883 +01:00 [Information] Route matched with "{action = \"Index\", controller = \"Home\", page = \"\", area = \"\"}". Executing controller action with signature "System.Threading.Tasks.Task`1[Microsoft.AspNetCore.Mvc.IActionResult] Index()" on controller "GroupAssignment2.Controllers.HomeController" ("GroupAssignment2").
2023-10-31 11:13:04.898 +01:00 [Information] Executing action method "GroupAssignment2.Controllers.HomeController.Index (GroupAssignment2)" - Validation state: Valid
2023-10-31 11:13:04.899 +01:00 [Information] Executed action method "GroupAssignment2.Controllers.HomeController.Index (GroupAssignment2)", returned result "Microsoft.AspNetCore.Mvc.ViewResult" in 0.5277ms.
2023-10-31 11:13:04.899 +01:00 [Information] Executing ViewResult, running view "Index".
2023-10-31 11:13:04.910 +01:00 [Information] Executed ViewResult - view "Index" executed in 11.1017ms.
2023-10-31 11:13:04.910 +01:00 [Information] Executed action "GroupAssignment2.Controllers.HomeController.Index (GroupAssignment2)" in 26.9157ms
2023-10-31 11:13:04.910 +01:00 [Information] Executed endpoint '"GroupAssignment2.Controllers.HomeController.Index (GroupAssignment2)"'
2023-10-31 11:13:04.912 +01:00 [Information] Request finished HTTP/2 GET https://localhost:7242/ - - - 200 - text/html;+charset=utf-8 29.9783ms
2023-10-31 11:13:04.915 +01:00 [Information] Request starting HTTP/2 GET https://localhost:7242/lib/jquery-validate/jquery.validate.js - -
2023-10-31 11:13:04.915 +01:00 [Information] Request starting HTTP/2 GET https://localhost:7242/_vs/browserLink - -
2023-10-31 11:13:04.915 +01:00 [Information] Request starting HTTP/2 GET https://localhost:7242/_framework/aspnetcore-browser-refresh.js - -
2023-10-31 11:13:04.916 +01:00 [Information] Request finished HTTP/2 GET https://localhost:7242/_framework/aspnetcore-browser-refresh.js - - - 200 12364 application/javascript;+charset=utf-8 0.3441ms
2023-10-31 11:13:04.916 +01:00 [Information] Request finished HTTP/2 GET https://localhost:7242/lib/jquery-validate/jquery.validate.js - - - 404 0 - 1.0458ms
2023-10-31 11:13:04.919 +01:00 [Information] Request finished HTTP/2 GET https://localhost:7242/_vs/browserLink - - - 200 - text/javascript;+charset=UTF-8 3.8912ms
2023-10-31 11:13:05.333 +01:00 [Information] Request starting HTTP/2 GET https://localhost:7242/Housing/Table - -
2023-10-31 11:13:05.335 +01:00 [Information] Executing endpoint '"GroupAssignment2.Controllers.HousingController.Table (GroupAssignment2)"'
2023-10-31 11:13:05.336 +01:00 [Information] Route matched with "{action = \"Table\", controller = \"Housing\", page = \"\", area = \"\"}". Executing controller action with signature "System.Threading.Tasks.Task`1[Microsoft.AspNetCore.Mvc.IActionResult] Table()" on controller "GroupAssignment2.Controllers.HousingController" ("GroupAssignment2").
2023-10-31 11:13:05.352 +01:00 [Information] Executing action method "GroupAssignment2.Controllers.HousingController.Table (GroupAssignment2)" - Validation state: Valid
2023-10-31 11:13:05.353 +01:00 [Information] Executed action method "GroupAssignment2.Controllers.HousingController.Table (GroupAssignment2)", returned result "Microsoft.AspNetCore.Mvc.ViewResult" in 1.2259ms.
2023-10-31 11:13:05.353 +01:00 [Information] Executing ViewResult, running view "Table".
2023-10-31 11:13:05.366 +01:00 [Information] Executed ViewResult - view "Table" executed in 12.8899ms.
2023-10-31 11:13:05.366 +01:00 [Information] Executed action "GroupAssignment2.Controllers.HousingController.Table (GroupAssignment2)" in 29.6601ms
2023-10-31 11:13:05.366 +01:00 [Information] Executed endpoint '"GroupAssignment2.Controllers.HousingController.Table (GroupAssignment2)"'
2023-10-31 11:13:05.368 +01:00 [Information] Request finished HTTP/2 GET https://localhost:7242/Housing/Table - - - 200 - text/html;+charset=utf-8 35.3670ms
2023-10-31 11:13:05.374 +01:00 [Information] Request starting HTTP/2 GET https://localhost:7242/lib/jquery-validate/jquery.validate.js - -
2023-10-31 11:13:05.375 +01:00 [Information] Request starting HTTP/2 GET https://localhost:7242/css/table.css - -
2023-10-31 11:13:05.375 +01:00 [Information] Request starting HTTP/2 GET https://localhost:7242/images/housing/Grid_Table.jpg - -
2023-10-31 11:13:05.375 +01:00 [Information] Request finished HTTP/2 GET https://localhost:7242/lib/jquery-validate/jquery.validate.js - - - 404 0 - 0.9269ms
2023-10-31 11:13:05.377 +01:00 [Information] Sending file. Request path: '"/css/table.css"'. Physical path: '"C:\Users\Leon Li\source\repos\LeonTLam\GroupAssignment2\GroupAssignment2\wwwroot\css\table.css"'
2023-10-31 11:13:05.377 +01:00 [Information] Sending file. Request path: '"/images/housing/Grid_Table.jpg"'. Physical path: '"C:\Users\Leon Li\source\repos\LeonTLam\GroupAssignment2\GroupAssignment2\wwwroot\images\housing\Grid_Table.jpg"'
2023-10-31 11:13:05.378 +01:00 [Information] Request finished HTTP/2 GET https://localhost:7242/css/table.css - - - 200 830 text/css 3.2932ms
2023-10-31 11:13:05.378 +01:00 [Information] Request starting HTTP/2 GET https://localhost:7242/_framework/aspnetcore-browser-refresh.js - -
2023-10-31 11:13:05.378 +01:00 [Information] Request finished HTTP/2 GET https://localhost:7242/images/housing/Grid_Table.jpg - - - 200 11704 image/jpeg 3.4075ms
2023-10-31 11:13:05.378 +01:00 [Information] Request starting HTTP/2 GET https://localhost:7242/_vs/browserLink - -
2023-10-31 11:13:05.379 +01:00 [Information] Request finished HTTP/2 GET https://localhost:7242/_framework/aspnetcore-browser-refresh.js - - - 200 12364 application/javascript;+charset=utf-8 0.6447ms
2023-10-31 11:13:05.382 +01:00 [Information] Request finished HTTP/2 GET https://localhost:7242/_vs/browserLink - - - 200 - text/javascript;+charset=UTF-8 4.0868ms
2023-10-31 11:13:13.133 +01:00 [Information] Request starting HTTP/2 POST https://localhost:7242/Identity/Account/Logout?returnUrl=%2F application/x-www-form-urlencoded 225
2023-10-31 11:13:13.135 +01:00 [Information] Executing endpoint '"/Account/Logout"'
2023-10-31 11:13:13.138 +01:00 [Information] Route matched with "{page = \"/Account/Logout\", area = \"Identity\", action = \"\", controller = \"\"}". Executing page "/Account/Logout"
2023-10-31 11:13:13.152 +01:00 [Information] Executing handler method "GroupAssignment2.Areas.Identity.Pages.Account.LogoutModel.OnPost" - ModelState is Valid
2023-10-31 11:13:13.157 +01:00 [Information] AuthenticationScheme: "Identity.Application" signed out.
2023-10-31 11:13:13.158 +01:00 [Information] AuthenticationScheme: "Identity.External" signed out.
2023-10-31 11:13:13.158 +01:00 [Information] AuthenticationScheme: "Identity.TwoFactorUserId" signed out.
2023-10-31 11:13:13.158 +01:00 [Information] User logged out.
2023-10-31 11:13:13.158 +01:00 [Information] Executed handler method "OnPost", returned result "Microsoft.AspNetCore.Mvc.LocalRedirectResult".
2023-10-31 11:13:13.159 +01:00 [Information] Executing LocalRedirectResult, redirecting to "/".
2023-10-31 11:13:13.159 +01:00 [Information] Executed page "/Account/Logout" in 20.6209ms
2023-10-31 11:13:13.159 +01:00 [Information] Executed endpoint '"/Account/Logout"'
2023-10-31 11:13:13.159 +01:00 [Information] Request finished HTTP/2 POST https://localhost:7242/Identity/Account/Logout?returnUrl=%2F application/x-www-form-urlencoded 225 - 302 0 - 26.3854ms
2023-10-31 11:13:13.162 +01:00 [Information] Request starting HTTP/2 GET https://localhost:7242/ - -
2023-10-31 11:13:13.163 +01:00 [Information] Executing endpoint '"GroupAssignment2.Controllers.HomeController.Index (GroupAssignment2)"'
2023-10-31 11:13:13.163 +01:00 [Information] Route matched with "{action = \"Index\", controller = \"Home\", page = \"\", area = \"\"}". Executing controller action with signature "System.Threading.Tasks.Task`1[Microsoft.AspNetCore.Mvc.IActionResult] Index()" on controller "GroupAssignment2.Controllers.HomeController" ("GroupAssignment2").
2023-10-31 11:13:13.178 +01:00 [Information] Executing action method "GroupAssignment2.Controllers.HomeController.Index (GroupAssignment2)" - Validation state: Valid
2023-10-31 11:13:13.178 +01:00 [Information] Executed action method "GroupAssignment2.Controllers.HomeController.Index (GroupAssignment2)", returned result "Microsoft.AspNetCore.Mvc.ViewResult" in 0.5176ms.
2023-10-31 11:13:13.178 +01:00 [Information] Executing ViewResult, running view "Index".
2023-10-31 11:13:13.185 +01:00 [Information] Executed ViewResult - view "Index" executed in 6.3404ms.
2023-10-31 11:13:13.185 +01:00 [Information] Executed action "GroupAssignment2.Controllers.HomeController.Index (GroupAssignment2)" in 22.046ms
2023-10-31 11:13:13.185 +01:00 [Information] Executed endpoint '"GroupAssignment2.Controllers.HomeController.Index (GroupAssignment2)"'
2023-10-31 11:13:13.187 +01:00 [Information] Request finished HTTP/2 GET https://localhost:7242/ - - - 200 - text/html;+charset=utf-8 25.0573ms
2023-10-31 11:13:13.193 +01:00 [Information] Request starting HTTP/2 GET https://localhost:7242/lib/jquery-validate/jquery.validate.js - -
2023-10-31 11:13:13.193 +01:00 [Information] Request finished HTTP/2 GET https://localhost:7242/lib/jquery-validate/jquery.validate.js - - - 404 0 - 0.6588ms
2023-10-31 11:13:13.194 +01:00 [Information] Request starting HTTP/2 GET https://localhost:7242/_vs/browserLink - -
2023-10-31 11:13:13.195 +01:00 [Information] Request starting HTTP/2 GET https://localhost:7242/_framework/aspnetcore-browser-refresh.js - -
2023-10-31 11:13:13.195 +01:00 [Information] Request finished HTTP/2 GET https://localhost:7242/_framework/aspnetcore-browser-refresh.js - - - 200 12364 application/javascript;+charset=utf-8 0.3327ms
2023-10-31 11:13:13.205 +01:00 [Information] Request finished HTTP/2 GET https://localhost:7242/_vs/browserLink - - - 200 - text/javascript;+charset=UTF-8 10.4391ms
2023-10-31 11:13:14.015 +01:00 [Information] Request starting HTTP/2 GET https://localhost:7242/Identity/Account/Login - -
2023-10-31 11:13:14.022 +01:00 [Information] Executing endpoint '"/Account/Login"'
2023-10-31 11:13:14.027 +01:00 [Information] Route matched with "{page = \"/Account/Login\", area = \"Identity\", action = \"\", controller = \"\"}". Executing page "/Account/Login"
2023-10-31 11:13:14.028 +01:00 [Information] Executing handler method "GroupAssignment2.Areas.Identity.Pages.Account.LoginModel.OnGetAsync" - ModelState is Valid
2023-10-31 11:13:14.029 +01:00 [Information] AuthenticationScheme: "Identity.External" signed out.
2023-10-31 11:13:14.030 +01:00 [Information] Executed handler method "OnGetAsync", returned result "".
2023-10-31 11:13:14.033 +01:00 [Information] Executing an implicit handler method - ModelState is Valid
2023-10-31 11:13:14.033 +01:00 [Information] Executed an implicit handler method, returned result "Microsoft.AspNetCore.Mvc.RazorPages.PageResult".
2023-10-31 11:13:14.067 +01:00 [Information] Executed page "/Account/Login" in 40.5777ms
2023-10-31 11:13:14.067 +01:00 [Information] Executed endpoint '"/Account/Login"'
2023-10-31 11:13:14.069 +01:00 [Information] Request finished HTTP/2 GET https://localhost:7242/Identity/Account/Login - - - 200 - text/html;+charset=utf-8 54.2897ms
2023-10-31 11:13:14.074 +01:00 [Information] Request starting HTTP/2 GET https://localhost:7242/lib/jquery-validate/jquery.validate.js - -
2023-10-31 11:13:14.074 +01:00 [Information] Request finished HTTP/2 GET https://localhost:7242/lib/jquery-validate/jquery.validate.js - - - 404 0 - 0.6011ms
2023-10-31 11:13:14.075 +01:00 [Information] Request starting HTTP/2 GET https://localhost:7242/Identity/lib/jquery-validation/dist/jquery.validate.js - -
2023-10-31 11:13:14.075 +01:00 [Information] Request starting HTTP/2 GET https://localhost:7242/Identity/lib/jquery-validation-unobtrusive/jquery.validate.unobtrusive.js - -
2023-10-31 11:13:14.078 +01:00 [Information] Request starting HTTP/2 GET https://localhost:7242/_framework/aspnetcore-browser-refresh.js - -
2023-10-31 11:13:14.078 +01:00 [Information] Sending file. Request path: '"/Identity/lib/jquery-validation/dist/jquery.validate.js"'. Physical path: '"C:\Users\Leon Li\.nuget\packages\microsoft.aspnetcore.identity.ui\6.0.6\staticwebassets\V5\lib\jquery-validation\dist\jquery.validate.js"'
2023-10-31 11:13:14.078 +01:00 [Information] Request starting HTTP/2 GET https://localhost:7242/_vs/browserLink - -
2023-10-31 11:13:14.079 +01:00 [Information] Sending file. Request path: '"/Identity/lib/jquery-validation-unobtrusive/jquery.validate.unobtrusive.js"'. Physical path: '"C:\Users\Leon Li\.nuget\packages\microsoft.aspnetcore.identity.ui\6.0.6\staticwebassets\V5\lib\jquery-validation-unobtrusive\jquery.validate.unobtrusive.js"'
2023-10-31 11:13:14.079 +01:00 [Information] Request finished HTTP/2 GET https://localhost:7242/Identity/lib/jquery-validation/dist/jquery.validate.js - - - 200 48676 application/javascript 3.6448ms
2023-10-31 11:13:14.079 +01:00 [Information] Request finished HTTP/2 GET https://localhost:7242/_framework/aspnetcore-browser-refresh.js - - - 200 12364 application/javascript;+charset=utf-8 0.9620ms
2023-10-31 11:13:14.079 +01:00 [Information] Request finished HTTP/2 GET https://localhost:7242/Identity/lib/jquery-validation-unobtrusive/jquery.validate.unobtrusive.js - - - 200 19366 application/javascript 4.2092ms
2023-10-31 11:13:14.083 +01:00 [Information] Request finished HTTP/2 GET https://localhost:7242/_vs/browserLink - - - 200 - text/javascript;+charset=UTF-8 4.4553ms
2023-10-31 11:13:17.735 +01:00 [Information] Request starting HTTP/2 GET https://localhost:7242/Identity/Account/Register?returnUrl=%2F - -
2023-10-31 11:13:17.735 +01:00 [Information] Executing endpoint '"/Account/Register"'
2023-10-31 11:13:17.739 +01:00 [Information] Route matched with "{page = \"/Account/Register\", area = \"Identity\", action = \"\", controller = \"\"}". Executing page "/Account/Register"
2023-10-31 11:13:17.740 +01:00 [Information] Executing handler method "GroupAssignment2.Areas.Identity.Pages.Account.RegisterModel.OnGetAsync" - ModelState is Valid
2023-10-31 11:13:17.740 +01:00 [Information] Executed handler method "OnGetAsync", returned result "".
2023-10-31 11:13:17.740 +01:00 [Information] Executing an implicit handler method - ModelState is Valid
2023-10-31 11:13:17.740 +01:00 [Information] Executed an implicit handler method, returned result "Microsoft.AspNetCore.Mvc.RazorPages.PageResult".
2023-10-31 11:13:17.758 +01:00 [Information] Executed page "/Account/Register" in 19.3726ms
2023-10-31 11:13:17.758 +01:00 [Information] Executed endpoint '"/Account/Register"'
2023-10-31 11:13:17.760 +01:00 [Information] Request finished HTTP/2 GET https://localhost:7242/Identity/Account/Register?returnUrl=%2F - - - 200 - text/html;+charset=utf-8 25.7217ms
2023-10-31 11:13:17.765 +01:00 [Information] Request starting HTTP/2 GET https://localhost:7242/lib/jquery-validate/jquery.validate.js - -
2023-10-31 11:13:17.765 +01:00 [Information] Request finished HTTP/2 GET https://localhost:7242/lib/jquery-validate/jquery.validate.js - - - 404 0 - 0.5848ms
2023-10-31 11:13:17.766 +01:00 [Information] Request starting HTTP/2 GET https://localhost:7242/_vs/browserLink - -
2023-10-31 11:13:17.767 +01:00 [Information] Request starting HTTP/2 GET https://localhost:7242/_framework/aspnetcore-browser-refresh.js - -
2023-10-31 11:13:17.767 +01:00 [Information] Request finished HTTP/2 GET https://localhost:7242/_framework/aspnetcore-browser-refresh.js - - - 200 12364 application/javascript;+charset=utf-8 0.4329ms
2023-10-31 11:13:17.770 +01:00 [Information] Request finished HTTP/2 GET https://localhost:7242/_vs/browserLink - - - 200 - text/javascript;+charset=UTF-8 4.1907ms
2023-10-31 11:13:17.785 +01:00 [Information] Request starting HTTP/2 GET https://localhost:7242/logo.ico - -
2023-10-31 11:13:17.786 +01:00 [Information] Sending file. Request path: '"/logo.ico"'. Physical path: '"C:\Users\Leon Li\source\repos\LeonTLam\GroupAssignment2\GroupAssignment2\wwwroot\logo.ico"'
2023-10-31 11:13:17.786 +01:00 [Information] Request finished HTTP/2 GET https://localhost:7242/logo.ico - - - 200 1406 image/x-icon 2.0441ms
2023-10-31 11:13:33.861 +01:00 [Information] Request starting HTTP/2 POST https://localhost:7242/Identity/Account/Register?returnUrl=%2F application/x-www-form-urlencoded 310
2023-10-31 11:13:33.861 +01:00 [Information] Executing endpoint '"/Account/Register"'
2023-10-31 11:13:33.861 +01:00 [Information] Route matched with "{page = \"/Account/Register\", area = \"Identity\", action = \"\", controller = \"\"}". Executing page "/Account/Register"
2023-10-31 11:13:33.870 +01:00 [Information] Executing handler method "GroupAssignment2.Areas.Identity.Pages.Account.RegisterModel.OnPostAsync" - ModelState is Valid
2023-10-31 11:13:34.005 +01:00 [Information] User created a new account with password.
2023-10-31 11:13:34.162 +01:00 [Information] AuthenticationScheme: "Identity.Application" signed in.
2023-10-31 11:13:34.162 +01:00 [Information] Executed handler method "OnPostAsync", returned result "Microsoft.AspNetCore.Mvc.LocalRedirectResult".
2023-10-31 11:13:34.162 +01:00 [Information] Executing LocalRedirectResult, redirecting to "/".
2023-10-31 11:13:34.162 +01:00 [Information] Executed page "/Account/Register" in 300.669ms
2023-10-31 11:13:34.162 +01:00 [Information] Executed endpoint '"/Account/Register"'
2023-10-31 11:13:34.162 +01:00 [Information] Request finished HTTP/2 POST https://localhost:7242/Identity/Account/Register?returnUrl=%2F application/x-www-form-urlencoded 310 - 302 0 - 301.7841ms
2023-10-31 11:13:34.165 +01:00 [Information] Request starting HTTP/2 GET https://localhost:7242/ - -
2023-10-31 11:13:34.166 +01:00 [Information] Executing endpoint '"GroupAssignment2.Controllers.HomeController.Index (GroupAssignment2)"'
2023-10-31 11:13:34.166 +01:00 [Information] Route matched with "{action = \"Index\", controller = \"Home\", page = \"\", area = \"\"}". Executing controller action with signature "System.Threading.Tasks.Task`1[Microsoft.AspNetCore.Mvc.IActionResult] Index()" on controller "GroupAssignment2.Controllers.HomeController" ("GroupAssignment2").
2023-10-31 11:13:34.180 +01:00 [Information] Executing action method "GroupAssignment2.Controllers.HomeController.Index (GroupAssignment2)" - Validation state: Valid
2023-10-31 11:13:34.180 +01:00 [Information] Executed action method "GroupAssignment2.Controllers.HomeController.Index (GroupAssignment2)", returned result "Microsoft.AspNetCore.Mvc.ViewResult" in 0.5062ms.
2023-10-31 11:13:34.180 +01:00 [Information] Executing ViewResult, running view "Index".
2023-10-31 11:13:34.186 +01:00 [Information] Executed ViewResult - view "Index" executed in 5.7446ms.
2023-10-31 11:13:34.186 +01:00 [Information] Executed action "GroupAssignment2.Controllers.HomeController.Index (GroupAssignment2)" in 20.6005ms
2023-10-31 11:13:34.186 +01:00 [Information] Executed endpoint '"GroupAssignment2.Controllers.HomeController.Index (GroupAssignment2)"'
2023-10-31 11:13:34.188 +01:00 [Information] Request finished HTTP/2 GET https://localhost:7242/ - - - 200 - text/html;+charset=utf-8 23.6972ms
2023-10-31 11:13:34.194 +01:00 [Information] Request starting HTTP/2 GET https://localhost:7242/lib/jquery-validate/jquery.validate.js - -
2023-10-31 11:13:34.194 +01:00 [Information] Request starting HTTP/2 GET https://localhost:7242/_vs/browserLink - -
2023-10-31 11:13:34.195 +01:00 [Information] Request starting HTTP/2 GET https://localhost:7242/_framework/aspnetcore-browser-refresh.js - -
2023-10-31 11:13:34.195 +01:00 [Information] Request finished HTTP/2 GET https://localhost:7242/_framework/aspnetcore-browser-refresh.js - - - 200 12364 application/javascript;+charset=utf-8 0.3835ms
2023-10-31 11:13:34.195 +01:00 [Information] Request finished HTTP/2 GET https://localhost:7242/lib/jquery-validate/jquery.validate.js - - - 404 0 - 1.5585ms
2023-10-31 11:13:34.204 +01:00 [Information] Request finished HTTP/2 GET https://localhost:7242/_vs/browserLink - - - 200 - text/javascript;+charset=UTF-8 9.9485ms
2023-10-31 11:13:38.594 +01:00 [Information] Request starting HTTP/2 GET https://localhost:7242/Housing/Table - -
2023-10-31 11:13:38.596 +01:00 [Information] Executing endpoint '"GroupAssignment2.Controllers.HousingController.Table (GroupAssignment2)"'
2023-10-31 11:13:38.596 +01:00 [Information] Route matched with "{action = \"Table\", controller = \"Housing\", page = \"\", area = \"\"}". Executing controller action with signature "System.Threading.Tasks.Task`1[Microsoft.AspNetCore.Mvc.IActionResult] Table()" on controller "GroupAssignment2.Controllers.HousingController" ("GroupAssignment2").
2023-10-31 11:13:38.612 +01:00 [Information] Executing action method "GroupAssignment2.Controllers.HousingController.Table (GroupAssignment2)" - Validation state: Valid
2023-10-31 11:13:38.612 +01:00 [Information] Executed action method "GroupAssignment2.Controllers.HousingController.Table (GroupAssignment2)", returned result "Microsoft.AspNetCore.Mvc.ViewResult" in 0.5658ms.
2023-10-31 11:13:38.612 +01:00 [Information] Executing ViewResult, running view "Table".
2023-10-31 11:13:38.623 +01:00 [Information] Executed ViewResult - view "Table" executed in 10.6257ms.
2023-10-31 11:13:38.623 +01:00 [Information] Executed action "GroupAssignment2.Controllers.HousingController.Table (GroupAssignment2)" in 27.1477ms
2023-10-31 11:13:38.623 +01:00 [Information] Executed endpoint '"GroupAssignment2.Controllers.HousingController.Table (GroupAssignment2)"'
2023-10-31 11:13:38.625 +01:00 [Information] Request finished HTTP/2 GET https://localhost:7242/Housing/Table - - - 200 - text/html;+charset=utf-8 31.5683ms
2023-10-31 11:13:38.629 +01:00 [Information] Request starting HTTP/2 GET https://localhost:7242/css/table.css - -
2023-10-31 11:13:38.629 +01:00 [Information] Request starting HTTP/2 GET https://localhost:7242/lib/jquery-validate/jquery.validate.js - -
2023-10-31 11:13:38.629 +01:00 [Information] Request starting HTTP/2 GET https://localhost:7242/images/housing/Grid_Table.jpg - -
2023-10-31 11:13:38.631 +01:00 [Information] Request finished HTTP/2 GET https://localhost:7242/lib/jquery-validate/jquery.validate.js - - - 404 0 - 1.9745ms
2023-10-31 11:13:38.631 +01:00 [Information] Sending file. Request path: '"/images/housing/Grid_Table.jpg"'. Physical path: '"C:\Users\Leon Li\source\repos\LeonTLam\GroupAssignment2\GroupAssignment2\wwwroot\images\housing\Grid_Table.jpg"'
2023-10-31 11:13:38.631 +01:00 [Information] Sending file. Request path: '"/css/table.css"'. Physical path: '"C:\Users\Leon Li\source\repos\LeonTLam\GroupAssignment2\GroupAssignment2\wwwroot\css\table.css"'
2023-10-31 11:13:38.632 +01:00 [Information] Request finished HTTP/2 GET https://localhost:7242/css/table.css - - - 200 830 text/css 3.2537ms
2023-10-31 11:13:38.632 +01:00 [Information] Request finished HTTP/2 GET https://localhost:7242/images/housing/Grid_Table.jpg - - - 200 11704 image/jpeg 3.4930ms
2023-10-31 11:13:38.634 +01:00 [Information] Request starting HTTP/2 GET https://localhost:7242/_framework/aspnetcore-browser-refresh.js - -
2023-10-31 11:13:38.634 +01:00 [Information] Request starting HTTP/2 GET https://localhost:7242/_vs/browserLink - -
2023-10-31 11:13:38.634 +01:00 [Information] Request finished HTTP/2 GET https://localhost:7242/_framework/aspnetcore-browser-refresh.js - - - 200 12364 application/javascript;+charset=utf-8 0.5523ms
2023-10-31 11:13:38.638 +01:00 [Information] Request finished HTTP/2 GET https://localhost:7242/_vs/browserLink - - - 200 - text/javascript;+charset=UTF-8 3.6639ms
2023-10-31 11:13:52.781 +01:00 [Information] Request starting HTTP/2 GET https://localhost:7242/Housing/Grid - -
2023-10-31 11:13:52.782 +01:00 [Information] Executing endpoint '"GroupAssignment2.Controllers.HousingController.Grid (GroupAssignment2)"'
2023-10-31 11:13:52.784 +01:00 [Information] Route matched with "{action = \"Grid\", controller = \"Housing\", page = \"\", area = \"\"}". Executing controller action with signature "System.Threading.Tasks.Task`1[Microsoft.AspNetCore.Mvc.IActionResult] Grid()" on controller "GroupAssignment2.Controllers.HousingController" ("GroupAssignment2").
2023-10-31 11:13:52.799 +01:00 [Information] Executing action method "GroupAssignment2.Controllers.HousingController.Grid (GroupAssignment2)" - Validation state: Valid
2023-10-31 11:13:52.800 +01:00 [Information] Executed action method "GroupAssignment2.Controllers.HousingController.Grid (GroupAssignment2)", returned result "Microsoft.AspNetCore.Mvc.ViewResult" in 1.0407ms.
2023-10-31 11:13:52.800 +01:00 [Information] Executing ViewResult, running view "Grid".
2023-10-31 11:13:52.812 +01:00 [Information] Executed ViewResult - view "Grid" executed in 11.9699ms.
2023-10-31 11:13:52.812 +01:00 [Information] Executed action "GroupAssignment2.Controllers.HousingController.Grid (GroupAssignment2)" in 27.9971ms
2023-10-31 11:13:52.812 +01:00 [Information] Executed endpoint '"GroupAssignment2.Controllers.HousingController.Grid (GroupAssignment2)"'
2023-10-31 11:13:52.814 +01:00 [Information] Request finished HTTP/2 GET https://localhost:7242/Housing/Grid - - - 200 - text/html;+charset=utf-8 33.1255ms
2023-10-31 11:13:52.820 +01:00 [Information] Request starting HTTP/2 GET https://localhost:7242/lib/jquery-validate/jquery.validate.js - -
2023-10-31 11:13:52.820 +01:00 [Information] Request finished HTTP/2 GET https://localhost:7242/lib/jquery-validate/jquery.validate.js - - - 404 0 - 0.7927ms
2023-10-31 11:13:52.821 +01:00 [Information] Request starting HTTP/2 GET https://localhost:7242/css/grid.css - -
2023-10-31 11:13:52.821 +01:00 [Information] Request starting HTTP/2 GET https://localhost:7242/_framework/aspnetcore-browser-refresh.js - -
2023-10-31 11:13:52.821 +01:00 [Information] Request finished HTTP/2 GET https://localhost:7242/_framework/aspnetcore-browser-refresh.js - - - 200 12364 application/javascript;+charset=utf-8 0.3206ms
2023-10-31 11:13:52.822 +01:00 [Information] Sending file. Request path: '"/css/grid.css"'. Physical path: '"C:\Users\Leon Li\source\repos\LeonTLam\GroupAssignment2\GroupAssignment2\wwwroot\css\grid.css"'
2023-10-31 11:13:52.822 +01:00 [Information] Request starting HTTP/2 GET https://localhost:7242/_vs/browserLink - -
2023-10-31 11:13:52.823 +01:00 [Information] Request finished HTTP/2 GET https://localhost:7242/css/grid.css - - - 200 305 text/css 2.8220ms
2023-10-31 11:13:52.827 +01:00 [Information] Request finished HTTP/2 GET https://localhost:7242/_vs/browserLink - - - 200 - text/javascript;+charset=UTF-8 4.2772ms
2023-10-31 11:14:10.224 +01:00 [Information] Request starting HTTP/2 GET https://localhost:7242/Housing/Details/1 - -
2023-10-31 11:14:10.225 +01:00 [Information] Executing endpoint '"GroupAssignment2.Controllers.HousingController.Details (GroupAssignment2)"'
2023-10-31 11:14:10.227 +01:00 [Information] Route matched with "{action = \"Details\", controller = \"Housing\", page = \"\", area = \"\"}". Executing controller action with signature "System.Threading.Tasks.Task`1[Microsoft.AspNetCore.Mvc.IActionResult] Details(Int32)" on controller "GroupAssignment2.Controllers.HousingController" ("GroupAssignment2").
2023-10-31 11:14:10.243 +01:00 [Information] Executing action method "GroupAssignment2.Controllers.HousingController.Details (GroupAssignment2)" - Validation state: Valid
2023-10-31 11:14:10.247 +01:00 [Information] Executed action method "GroupAssignment2.Controllers.HousingController.Details (GroupAssignment2)", returned result "Microsoft.AspNetCore.Mvc.ViewResult" in 3.8476ms.
2023-10-31 11:14:10.247 +01:00 [Information] Executing ViewResult, running view "Details".
2023-10-31 11:14:10.260 +01:00 [Information] Executed ViewResult - view "Details" executed in 13.0268ms.
2023-10-31 11:14:10.260 +01:00 [Information] Executed action "GroupAssignment2.Controllers.HousingController.Details (GroupAssignment2)" in 32.8746ms
2023-10-31 11:14:10.260 +01:00 [Information] Executed endpoint '"GroupAssignment2.Controllers.HousingController.Details (GroupAssignment2)"'
2023-10-31 11:14:10.261 +01:00 [Information] Request finished HTTP/2 GET https://localhost:7242/Housing/Details/1 - - - 200 - text/html;+charset=utf-8 37.1462ms
2023-10-31 11:14:10.269 +01:00 [Information] Request starting HTTP/2 GET https://localhost:7242/lib/jquery-validate/jquery.validate.js - -
2023-10-31 11:14:10.269 +01:00 [Information] Request starting HTTP/2 GET https://localhost:7242/_vs/browserLink - -
2023-10-31 11:14:10.269 +01:00 [Information] Request starting HTTP/2 GET https://localhost:7242/_framework/aspnetcore-browser-refresh.js - -
2023-10-31 11:14:10.270 +01:00 [Information] Request finished HTTP/2 GET https://localhost:7242/_framework/aspnetcore-browser-refresh.js - - - 200 12364 application/javascript;+charset=utf-8 0.4051ms
2023-10-31 11:14:10.270 +01:00 [Information] Request finished HTTP/2 GET https://localhost:7242/lib/jquery-validate/jquery.validate.js - - - 404 0 - 1.0471ms
2023-10-31 11:14:10.273 +01:00 [Information] Request finished HTTP/2 GET https://localhost:7242/_vs/browserLink - - - 200 - text/javascript;+charset=UTF-8 4.0041ms
2023-10-31 11:14:21.563 +01:00 [Information] Request starting HTTP/2 GET https://localhost:7242/Order/CreateOrder/1 - -
2023-10-31 11:14:21.565 +01:00 [Information] Executing endpoint '"GroupAssignment2.Controllers.OrderController.CreateOrder (GroupAssignment2)"'
2023-10-31 11:14:21.566 +01:00 [Information] Route matched with "{action = \"CreateOrder\", controller = \"Order\", page = \"\", area = \"\"}". Executing controller action with signature "System.Threading.Tasks.Task`1[Microsoft.AspNetCore.Mvc.IActionResult] CreateOrder(Int32)" on controller "GroupAssignment2.Controllers.OrderController" ("GroupAssignment2").
2023-10-31 11:14:21.582 +01:00 [Information] Executing action method "GroupAssignment2.Controllers.OrderController.CreateOrder (GroupAssignment2)" - Validation state: Valid
2023-10-31 11:14:21.584 +01:00 [Information] Executed action method "GroupAssignment2.Controllers.OrderController.CreateOrder (GroupAssignment2)", returned result "Microsoft.AspNetCore.Mvc.ViewResult" in 1.9386ms.
2023-10-31 11:14:21.584 +01:00 [Information] Executing ViewResult, running view "CreateOrder".
2023-10-31 11:14:21.605 +01:00 [Information] Executed ViewResult - view "CreateOrder" executed in 21.1727ms.
2023-10-31 11:14:21.605 +01:00 [Information] Executed action "GroupAssignment2.Controllers.OrderController.CreateOrder (GroupAssignment2)" in 39.0101ms
2023-10-31 11:14:21.605 +01:00 [Information] Executed endpoint '"GroupAssignment2.Controllers.OrderController.CreateOrder (GroupAssignment2)"'
2023-10-31 11:14:21.607 +01:00 [Information] Request finished HTTP/2 GET https://localhost:7242/Order/CreateOrder/1 - - - 200 - text/html;+charset=utf-8 44.0526ms
2023-10-31 11:14:21.616 +01:00 [Information] Request starting HTTP/2 GET https://localhost:7242/lib/jquery-validate/jquery.validate.js - -
2023-10-31 11:14:21.617 +01:00 [Information] Request finished HTTP/2 GET https://localhost:7242/lib/jquery-validate/jquery.validate.js - - - 404 0 - 0.7506ms
2023-10-31 11:14:21.617 +01:00 [Information] Request starting HTTP/2 GET https://localhost:7242/_vs/browserLink - -
2023-10-31 11:14:21.617 +01:00 [Information] Request starting HTTP/2 GET https://localhost:7242/_framework/aspnetcore-browser-refresh.js - -
2023-10-31 11:14:21.618 +01:00 [Information] Request finished HTTP/2 GET https://localhost:7242/_framework/aspnetcore-browser-refresh.js - - - 200 12364 application/javascript;+charset=utf-8 0.4138ms
2023-10-31 11:14:21.621 +01:00 [Information] Request finished HTTP/2 GET https://localhost:7242/_vs/browserLink - - - 200 - text/javascript;+charset=UTF-8 3.7690ms
2023-10-31 11:14:33.772 +01:00 [Information] Request starting HTTP/2 POST https://localhost:7242/Order/CreateOrder/1 application/x-www-form-urlencoded 277
2023-10-31 11:14:33.774 +01:00 [Information] Executing endpoint '"GroupAssignment2.Controllers.OrderController.CreateOrder (GroupAssignment2)"'
2023-10-31 11:14:33.776 +01:00 [Information] Route matched with "{action = \"CreateOrder\", controller = \"Order\", page = \"\", area = \"\"}". Executing controller action with signature "System.Threading.Tasks.Task`1[Microsoft.AspNetCore.Mvc.IActionResult] CreateOrder(GroupAssignment2.Models.Order)" on controller "GroupAssignment2.Controllers.OrderController" ("GroupAssignment2").
2023-10-31 11:14:33.805 +01:00 [Information] Executing action method "GroupAssignment2.Controllers.OrderController.CreateOrder (GroupAssignment2)" - Validation state: Valid
2023-10-31 11:14:33.869 +01:00 [Information] Executed action method "GroupAssignment2.Controllers.OrderController.CreateOrder (GroupAssignment2)", returned result "Microsoft.AspNetCore.Mvc.RedirectToActionResult" in 64.0979ms.
2023-10-31 11:14:33.870 +01:00 [Information] Executing RedirectResult, redirecting to "/Transaction/ConfirmOrder?OrderId=7&StartDate=11%2F09%2F2023%2000%3A00%3A00&EndDate=11%2F30%2F2023%2000%3A00%3A00&TotalPrice=24150&CustomerId=644c2bb5-0fa7-4746-8560-420e60dd793f&HousingId=1".
2023-10-31 11:14:33.870 +01:00 [Information] Executed action "GroupAssignment2.Controllers.OrderController.CreateOrder (GroupAssignment2)" in 93.5714ms
2023-10-31 11:14:33.870 +01:00 [Information] Executed endpoint '"GroupAssignment2.Controllers.OrderController.CreateOrder (GroupAssignment2)"'
2023-10-31 11:14:33.870 +01:00 [Information] Request finished HTTP/2 POST https://localhost:7242/Order/CreateOrder/1 application/x-www-form-urlencoded 277 - 302 0 - 98.1114ms
2023-10-31 11:14:33.872 +01:00 [Information] Request starting HTTP/2 GET https://localhost:7242/Transaction/ConfirmOrder?OrderId=7&StartDate=11%2F09%2F2023%2000%3A00%3A00&EndDate=11%2F30%2F2023%2000%3A00%3A00&TotalPrice=24150&CustomerId=644c2bb5-0fa7-4746-8560-420e60dd793f&HousingId=1 - -
2023-10-31 11:14:33.874 +01:00 [Information] Executing endpoint '"GroupAssignment2.Controllers.TransactionController.ConfirmOrder (GroupAssignment2)"'
2023-10-31 11:14:33.875 +01:00 [Information] Route matched with "{action = \"ConfirmOrder\", controller = \"Transaction\", page = \"\", area = \"\"}". Executing controller action with signature "System.Threading.Tasks.Task`1[Microsoft.AspNetCore.Mvc.IActionResult] ConfirmOrder(GroupAssignment2.Models.Order)" on controller "GroupAssignment2.Controllers.TransactionController" ("GroupAssignment2").
2023-10-31 11:14:33.891 +01:00 [Information] Executing action method "GroupAssignment2.Controllers.TransactionController.ConfirmOrder (GroupAssignment2)" - Validation state: Valid
2023-10-31 11:14:33.892 +01:00 [Information] Executed action method "GroupAssignment2.Controllers.TransactionController.ConfirmOrder (GroupAssignment2)", returned result "Microsoft.AspNetCore.Mvc.ViewResult" in 1.3847ms.
2023-10-31 11:14:33.892 +01:00 [Information] Executing ViewResult, running view "ConfirmOrder".
2023-10-31 11:14:33.914 +01:00 [Information] Executed ViewResult - view "ConfirmOrder" executed in 21.9148ms.
2023-10-31 11:14:33.914 +01:00 [Information] Executed action "GroupAssignment2.Controllers.TransactionController.ConfirmOrder (GroupAssignment2)" in 38.9111ms
2023-10-31 11:14:33.914 +01:00 [Information] Executed endpoint '"GroupAssignment2.Controllers.TransactionController.ConfirmOrder (GroupAssignment2)"'
2023-10-31 11:14:33.916 +01:00 [Information] Request finished HTTP/2 GET https://localhost:7242/Transaction/ConfirmOrder?OrderId=7&StartDate=11%2F09%2F2023%2000%3A00%3A00&EndDate=11%2F30%2F2023%2000%3A00%3A00&TotalPrice=24150&CustomerId=644c2bb5-0fa7-4746-8560-420e60dd793f&HousingId=1 - - - 200 - text/html;+charset=utf-8 44.3189ms
2023-10-31 11:14:33.924 +01:00 [Information] Request starting HTTP/2 GET https://localhost:7242/lib/jquery-validate/jquery.validate.js - -
2023-10-31 11:14:33.925 +01:00 [Information] Request finished HTTP/2 GET https://localhost:7242/lib/jquery-validate/jquery.validate.js - - - 404 0 - 0.7473ms
2023-10-31 11:14:33.926 +01:00 [Information] Request starting HTTP/2 GET https://localhost:7242/_vs/browserLink - -
2023-10-31 11:14:33.934 +01:00 [Information] Request starting HTTP/2 GET https://localhost:7242/_framework/aspnetcore-browser-refresh.js - -
2023-10-31 11:14:33.934 +01:00 [Information] Request finished HTTP/2 GET https://localhost:7242/_framework/aspnetcore-browser-refresh.js - - - 200 12364 application/javascript;+charset=utf-8 0.7691ms
2023-10-31 11:14:33.943 +01:00 [Information] Request finished HTTP/2 GET https://localhost:7242/_vs/browserLink - - - 200 - text/javascript;+charset=UTF-8 18.0687ms
2023-10-31 11:15:03.384 +01:00 [Information] Request starting HTTP/2 GET https://localhost:7242/Transaction/OrderComplete/1 - -
2023-10-31 11:15:03.385 +01:00 [Information] Executing endpoint '"GroupAssignment2.Controllers.TransactionController.OrderCompleteAsync (GroupAssignment2)"'
2023-10-31 11:15:03.385 +01:00 [Information] Route matched with "{action = \"OrderComplete\", controller = \"Transaction\", page = \"\", area = \"\"}". Executing controller action with signature "System.Threading.Tasks.Task`1[Microsoft.AspNetCore.Mvc.IActionResult] OrderCompleteAsync(Int32)" on controller "GroupAssignment2.Controllers.TransactionController" ("GroupAssignment2").
2023-10-31 11:15:03.401 +01:00 [Information] Executing action method "GroupAssignment2.Controllers.TransactionController.OrderCompleteAsync (GroupAssignment2)" - Validation state: Valid
2023-10-31 11:15:03.402 +01:00 [Information] Executed action method "GroupAssignment2.Controllers.TransactionController.OrderCompleteAsync (GroupAssignment2)", returned result "Microsoft.AspNetCore.Mvc.ViewResult" in 0.9931ms.
2023-10-31 11:15:03.402 +01:00 [Information] Executing ViewResult, running view "OrderComplete".
2023-10-31 11:15:03.413 +01:00 [Information] Executed ViewResult - view "OrderComplete" executed in 10.8389ms.
2023-10-31 11:15:03.413 +01:00 [Information] Executed action "GroupAssignment2.Controllers.TransactionController.OrderCompleteAsync (GroupAssignment2)" in 27.7548ms
2023-10-31 11:15:03.413 +01:00 [Information] Executed endpoint '"GroupAssignment2.Controllers.TransactionController.OrderCompleteAsync (GroupAssignment2)"'
2023-10-31 11:15:03.416 +01:00 [Information] Request finished HTTP/2 GET https://localhost:7242/Transaction/OrderComplete/1 - - - 200 - text/html;+charset=utf-8 31.5180ms
2023-10-31 11:15:03.425 +01:00 [Information] Request starting HTTP/2 GET https://localhost:7242/lib/jquery-validate/jquery.validate.js - -
2023-10-31 11:15:03.425 +01:00 [Information] Request starting HTTP/2 GET https://localhost:7242/images/transaction/accept.png - -
2023-10-31 11:15:03.425 +01:00 [Information] Request starting HTTP/2 GET https://localhost:7242/_framework/aspnetcore-browser-refresh.js - -
2023-10-31 11:15:03.425 +01:00 [Information] Request finished HTTP/2 GET https://localhost:7242/_framework/aspnetcore-browser-refresh.js - - - 200 12364 application/javascript;+charset=utf-8 0.4240ms
2023-10-31 11:15:03.427 +01:00 [Information] Request finished HTTP/2 GET https://localhost:7242/lib/jquery-validate/jquery.validate.js - - - 404 0 - 2.0965ms
2023-10-31 11:15:03.427 +01:00 [Information] Sending file. Request path: '"/images/transaction/accept.png"'. Physical path: '"C:\Users\Leon Li\source\repos\LeonTLam\GroupAssignment2\GroupAssignment2\wwwroot\images\transaction\accept.png"'
2023-10-31 11:15:03.427 +01:00 [Information] Request finished HTTP/2 GET https://localhost:7242/images/transaction/accept.png - - - 200 17264 image/png 2.1985ms
2023-10-31 11:15:03.428 +01:00 [Information] Request starting HTTP/2 GET https://localhost:7242/_vs/browserLink - -
2023-10-31 11:15:03.432 +01:00 [Information] Request finished HTTP/2 GET https://localhost:7242/_vs/browserLink - - - 200 - text/javascript;+charset=UTF-8 3.7047ms
2023-10-31 11:15:24.962 +01:00 [Information] Request starting HTTP/2 GET https://localhost:7242/Contact - -
2023-10-31 11:15:24.967 +01:00 [Information] Executing endpoint '"GroupAssignment2.Controllers.ContactController.Index (GroupAssignment2)"'
2023-10-31 11:15:24.970 +01:00 [Information] Route matched with "{action = \"Index\", controller = \"Contact\", page = \"\", area = \"\"}". Executing controller action with signature "Microsoft.AspNetCore.Mvc.IActionResult Index()" on controller "GroupAssignment2.Controllers.ContactController" ("GroupAssignment2").
2023-10-31 11:15:24.985 +01:00 [Information] Executing action method "GroupAssignment2.Controllers.ContactController.Index (GroupAssignment2)" - Validation state: Valid
2023-10-31 11:15:24.985 +01:00 [Information] Executed action method "GroupAssignment2.Controllers.ContactController.Index (GroupAssignment2)", returned result "Microsoft.AspNetCore.Mvc.ViewResult" in 0.1714ms.
2023-10-31 11:15:24.985 +01:00 [Information] Executing ViewResult, running view "Index".
2023-10-31 11:15:24.997 +01:00 [Information] Executed ViewResult - view "Index" executed in 12.3367ms.
2023-10-31 11:15:24.997 +01:00 [Information] Executed action "GroupAssignment2.Controllers.ContactController.Index (GroupAssignment2)" in 27.3582ms
2023-10-31 11:15:24.997 +01:00 [Information] Executed endpoint '"GroupAssignment2.Controllers.ContactController.Index (GroupAssignment2)"'
2023-10-31 11:15:24.999 +01:00 [Information] Request finished HTTP/2 GET https://localhost:7242/Contact - - - 200 - text/html;+charset=utf-8 37.4935ms
2023-10-31 11:15:25.007 +01:00 [Information] Request starting HTTP/2 GET https://localhost:7242/lib/jquery-validate/jquery.validate.js - -
2023-10-31 11:15:25.007 +01:00 [Information] Request starting HTTP/2 GET https://localhost:7242/_vs/browserLink - -
2023-10-31 11:15:25.007 +01:00 [Information] Request starting HTTP/2 GET https://localhost:7242/_framework/aspnetcore-browser-refresh.js - -
2023-10-31 11:15:25.007 +01:00 [Information] Request finished HTTP/2 GET https://localhost:7242/_framework/aspnetcore-browser-refresh.js - - - 200 12364 application/javascript;+charset=utf-8 0.3191ms
2023-10-31 11:15:25.007 +01:00 [Information] Request finished HTTP/2 GET https://localhost:7242/lib/jquery-validate/jquery.validate.js - - - 404 0 - 0.8775ms
2023-10-31 11:15:25.010 +01:00 [Information] Request finished HTTP/2 GET https://localhost:7242/_vs/browserLink - - - 200 - text/javascript;+charset=UTF-8 3.6218ms
2023-10-31 11:15:53.525 +01:00 [Information] Request starting HTTP/2 GET https://localhost:7242/About - -
2023-10-31 11:15:53.526 +01:00 [Information] Executing endpoint '"GroupAssignment2.Controllers.AboutController.Index (GroupAssignment2)"'
2023-10-31 11:15:53.526 +01:00 [Information] Route matched with "{action = \"Index\", controller = \"About\", page = \"\", area = \"\"}". Executing controller action with signature "Microsoft.AspNetCore.Mvc.IActionResult Index()" on controller "GroupAssignment2.Controllers.AboutController" ("GroupAssignment2").
2023-10-31 11:15:53.541 +01:00 [Information] Executing action method "GroupAssignment2.Controllers.AboutController.Index (GroupAssignment2)" - Validation state: Valid
2023-10-31 11:15:53.541 +01:00 [Information] Executed action method "GroupAssignment2.Controllers.AboutController.Index (GroupAssignment2)", returned result "Microsoft.AspNetCore.Mvc.ViewResult" in 0.1358ms.
2023-10-31 11:15:53.541 +01:00 [Information] Executing ViewResult, running view "Index".
2023-10-31 11:15:53.545 +01:00 [Error] The view '"Index"' was not found. Searched locations: ["/Views/About/Index.cshtml", "/Views/Shared/Index.cshtml", "/Pages/Shared/Index.cshtml"]
2023-10-31 11:15:53.548 +01:00 [Information] Executed action "GroupAssignment2.Controllers.AboutController.Index (GroupAssignment2)" in 21.5318ms
2023-10-31 11:15:53.549 +01:00 [Information] Executed endpoint '"GroupAssignment2.Controllers.AboutController.Index (GroupAssignment2)"'
2023-10-31 11:15:53.573 +01:00 [Error] An unhandled exception has occurred while executing the request.
System.InvalidOperationException: The view 'Index' was not found. The following locations were searched:
/Views/About/Index.cshtml
/Views/Shared/Index.cshtml
/Pages/Shared/Index.cshtml
   at Microsoft.AspNetCore.Mvc.ViewEngines.ViewEngineResult.EnsureSuccessful(IEnumerable`1 originalLocations)
   at Microsoft.AspNetCore.Mvc.ViewFeatures.ViewResultExecutor.ExecuteAsync(ActionContext context, ViewResult result)
   at Microsoft.AspNetCore.Mvc.ViewResult.ExecuteResultAsync(ActionContext context)
   at Microsoft.AspNetCore.Mvc.Infrastructure.ResourceInvoker.<InvokeResultAsync>g__Logged|22_0(ResourceInvoker invoker, IActionResult result)
   at Microsoft.AspNetCore.Mvc.Infrastructure.ResourceInvoker.<InvokeNextResultFilterAsync>g__Awaited|30_0[TFilter,TFilterAsync](ResourceInvoker invoker, Task lastTask, State next, Scope scope, Object state, Boolean isCompleted)
   at Microsoft.AspNetCore.Mvc.Infrastructure.ResourceInvoker.Rethrow(ResultExecutedContextSealed context)
   at Microsoft.AspNetCore.Mvc.Infrastructure.ResourceInvoker.ResultNext[TFilter,TFilterAsync](State& next, Scope& scope, Object& state, Boolean& isCompleted)
   at Microsoft.AspNetCore.Mvc.Infrastructure.ResourceInvoker.InvokeResultFilters()
--- End of stack trace from previous location ---
   at Microsoft.AspNetCore.Mvc.Infrastructure.ResourceInvoker.<InvokeNextResourceFilter>g__Awaited|25_0(ResourceInvoker invoker, Task lastTask, State next, Scope scope, Object state, Boolean isCompleted)
   at Microsoft.AspNetCore.Mvc.Infrastructure.ResourceInvoker.Rethrow(ResourceExecutedContextSealed context)
   at Microsoft.AspNetCore.Mvc.Infrastructure.ResourceInvoker.Next(State& next, Scope& scope, Object& state, Boolean& isCompleted)
   at Microsoft.AspNetCore.Mvc.Infrastructure.ResourceInvoker.InvokeFilterPipelineAsync()
--- End of stack trace from previous location ---
   at Microsoft.AspNetCore.Mvc.Infrastructure.ResourceInvoker.<InvokeAsync>g__Logged|17_1(ResourceInvoker invoker)
   at Microsoft.AspNetCore.Mvc.Infrastructure.ResourceInvoker.<InvokeAsync>g__Logged|17_1(ResourceInvoker invoker)
   at Microsoft.AspNetCore.Routing.EndpointMiddleware.<Invoke>g__AwaitRequestTask|6_0(Endpoint endpoint, Task requestTask, ILogger logger)
   at Microsoft.AspNetCore.Authorization.AuthorizationMiddleware.Invoke(HttpContext context)
   at Microsoft.AspNetCore.Authentication.AuthenticationMiddleware.Invoke(HttpContext context)
   at Microsoft.AspNetCore.Session.SessionMiddleware.Invoke(HttpContext context)
   at Microsoft.AspNetCore.Session.SessionMiddleware.Invoke(HttpContext context)
   at Microsoft.AspNetCore.Diagnostics.DeveloperExceptionPageMiddleware.Invoke(HttpContext context)
2023-10-31 11:15:53.603 +01:00 [Information] Request finished HTTP/2 GET https://localhost:7242/About - - - 500 - text/html;+charset=utf-8 78.1464ms
2023-10-31 11:15:53.613 +01:00 [Information] Request starting HTTP/2 GET https://localhost:7242/_vs/browserLink - -
2023-10-31 11:15:53.614 +01:00 [Information] Request starting HTTP/2 GET https://localhost:7242/_framework/aspnetcore-browser-refresh.js - -
2023-10-31 11:15:53.614 +01:00 [Information] Request finished HTTP/2 GET https://localhost:7242/_framework/aspnetcore-browser-refresh.js - - - 200 12364 application/javascript;+charset=utf-8 0.2501ms
2023-10-31 11:15:53.617 +01:00 [Information] Request finished HTTP/2 GET https://localhost:7242/_vs/browserLink - - - 200 - text/javascript;+charset=UTF-8 3.8833ms
2023-10-31 11:15:58.370 +01:00 [Information] Request starting HTTP/2 GET https://localhost:7242/Contact - -
2023-10-31 11:15:58.371 +01:00 [Information] Executing endpoint '"GroupAssignment2.Controllers.ContactController.Index (GroupAssignment2)"'
2023-10-31 11:15:58.371 +01:00 [Information] Route matched with "{action = \"Index\", controller = \"Contact\", page = \"\", area = \"\"}". Executing controller action with signature "Microsoft.AspNetCore.Mvc.IActionResult Index()" on controller "GroupAssignment2.Controllers.ContactController" ("GroupAssignment2").
2023-10-31 11:15:58.386 +01:00 [Information] Executing action method "GroupAssignment2.Controllers.ContactController.Index (GroupAssignment2)" - Validation state: Valid
2023-10-31 11:15:58.386 +01:00 [Information] Executed action method "GroupAssignment2.Controllers.ContactController.Index (GroupAssignment2)", returned result "Microsoft.AspNetCore.Mvc.ViewResult" in 0.0104ms.
2023-10-31 11:15:58.386 +01:00 [Information] Executing ViewResult, running view "Index".
2023-10-31 11:15:58.391 +01:00 [Information] Executed ViewResult - view "Index" executed in 5.6529ms.
2023-10-31 11:15:58.392 +01:00 [Information] Executed action "GroupAssignment2.Controllers.ContactController.Index (GroupAssignment2)" in 20.3179ms
2023-10-31 11:15:58.392 +01:00 [Information] Executed endpoint '"GroupAssignment2.Controllers.ContactController.Index (GroupAssignment2)"'
2023-10-31 11:15:58.393 +01:00 [Information] Request finished HTTP/2 GET https://localhost:7242/Contact - - - 200 - text/html;+charset=utf-8 22.6817ms
2023-10-31 11:15:58.398 +01:00 [Information] Request starting HTTP/2 GET https://localhost:7242/lib/jquery-validate/jquery.validate.js - -
2023-10-31 11:15:58.398 +01:00 [Information] Request finished HTTP/2 GET https://localhost:7242/lib/jquery-validate/jquery.validate.js - - - 404 0 - 0.7365ms
2023-10-31 11:15:58.399 +01:00 [Information] Request starting HTTP/2 GET https://localhost:7242/_framework/aspnetcore-browser-refresh.js - -
2023-10-31 11:15:58.400 +01:00 [Information] Request finished HTTP/2 GET https://localhost:7242/_framework/aspnetcore-browser-refresh.js - - - 200 12364 application/javascript;+charset=utf-8 0.3150ms
