2023-10-31 11:18:41.323 +01:00 [Information] User profile is available. Using '"C:\Users\Leon Li\AppData\Local\ASP.NET\DataProtection-Keys"' as key repository and Windows DPAPI to encrypt keys at rest.
2023-10-31 11:18:42.159 +01:00 [Information] Now listening on: "https://localhost:7242"
2023-10-31 11:18:42.159 +01:00 [Information] Now listening on: "http://localhost:5249"
2023-10-31 11:18:42.163 +01:00 [Information] Application started. Press Ctrl+C to shut down.
2023-10-31 11:18:42.163 +01:00 [Information] Hosting environment: "Development"
2023-10-31 11:18:42.163 +01:00 [Information] Content root path: "C:\Users\Leon Li\source\repos\LeonTLam\GroupAssignment2\GroupAssignment2\"
2023-10-31 11:18:42.703 +01:00 [Information] Request starting HTTP/2 GET https://localhost:7242/ - -
2023-10-31 11:18:42.775 +01:00 [Information] Executing endpoint '"GroupAssignment2.Controllers.HomeController.Index (GroupAssignment2)"'
2023-10-31 11:18:42.786 +01:00 [Information] Route matched with "{action = \"Index\", controller = \"Home\", page = \"\", area = \"\"}". Executing controller action with signature "System.Threading.Tasks.Task`1[Microsoft.AspNetCore.Mvc.IActionResult] Index()" on controller "GroupAssignment2.Controllers.HomeController" ("GroupAssignment2").
2023-10-31 11:18:42.875 +01:00 [Information] Executing action method "GroupAssignment2.Controllers.HomeController.Index (GroupAssignment2)" - Validation state: Valid
2023-10-31 11:18:42.917 +01:00 [Information] Executed action method "GroupAssignment2.Controllers.HomeController.Index (GroupAssignment2)", returned result "Microsoft.AspNetCore.Mvc.ViewResult" in 37.8881ms.
2023-10-31 11:18:42.924 +01:00 [Information] Executing ViewResult, running view "Index".
2023-10-31 11:18:43.075 +01:00 [Information] Executed ViewResult - view "Index" executed in 152.6019ms.
2023-10-31 11:18:43.079 +01:00 [Information] Executed action "GroupAssignment2.Controllers.HomeController.Index (GroupAssignment2)" in 292.7957ms
2023-10-31 11:18:43.080 +01:00 [Information] Executed endpoint '"GroupAssignment2.Controllers.HomeController.Index (GroupAssignment2)"'
2023-10-31 11:18:43.100 +01:00 [Information] Request starting HTTP/2 GET https://localhost:7242/lib/jquery/jquery.js - -
2023-10-31 11:18:43.100 +01:00 [Information] Request starting HTTP/2 GET https://localhost:7242/lib/jquery-validate/jquery.validate.js - -
2023-10-31 11:18:43.100 +01:00 [Information] Request starting HTTP/2 GET https://localhost:7242/css/_Layout.css - -
2023-10-31 11:18:43.100 +01:00 [Information] Request starting HTTP/2 GET https://localhost:7242/lib/bootstrap/js/bootstrap.js - -
2023-10-31 11:18:43.100 +01:00 [Information] Request starting HTTP/2 GET https://localhost:7242/lib/jquery-validation-unobtrusive/jquery.validate.unobtrusive.js - -
2023-10-31 11:18:43.100 +01:00 [Information] Request starting HTTP/2 GET https://localhost:7242/images/layout/burgerIcon.png - -
2023-10-31 11:18:43.100 +01:00 [Information] Request starting HTTP/2 GET https://localhost:7242/css/index.css - -
2023-10-31 11:18:43.123 +01:00 [Information] Request finished HTTP/2 GET https://localhost:7242/lib/jquery-validate/jquery.validate.js - - - 404 0 - 22.8722ms
2023-10-31 11:18:43.151 +01:00 [Information] Request finished HTTP/2 GET https://localhost:7242/ - - - 200 - text/html;+charset=utf-8 444.6885ms
2023-10-31 11:18:43.151 +01:00 [Information] Sending file. Request path: '"/css/_Layout.css"'. Physical path: '"C:\Users\Leon Li\source\repos\LeonTLam\GroupAssignment2\GroupAssignment2\wwwroot\css\_Layout.css"'
2023-10-31 11:18:43.151 +01:00 [Information] Sending file. Request path: '"/images/layout/burgerIcon.png"'. Physical path: '"C:\Users\Leon Li\source\repos\LeonTLam\GroupAssignment2\GroupAssignment2\wwwroot\images\layout\burgerIcon.png"'
2023-10-31 11:18:43.151 +01:00 [Information] Request finished HTTP/2 GET https://localhost:7242/css/_Layout.css - - - 200 410 text/css 51.1684ms
2023-10-31 11:18:43.151 +01:00 [Information] Request finished HTTP/2 GET https://localhost:7242/images/layout/burgerIcon.png - - - 200 1664 image/png 50.9845ms
2023-10-31 11:18:43.157 +01:00 [Information] Sending file. Request path: '"/css/index.css"'. Physical path: '"C:\Users\Leon Li\source\repos\LeonTLam\GroupAssignment2\GroupAssignment2\wwwroot\css\index.css"'
2023-10-31 11:18:43.157 +01:00 [Information] Sending file. Request path: '"/lib/jquery-validation-unobtrusive/jquery.validate.unobtrusive.js"'. Physical path: '"C:\Users\Leon Li\source\repos\LeonTLam\GroupAssignment2\GroupAssignment2\wwwroot\lib\jquery-validation-unobtrusive\jquery.validate.unobtrusive.js"'
2023-10-31 11:18:43.157 +01:00 [Information] Sending file. Request path: '"/lib/bootstrap/js/bootstrap.js"'. Physical path: '"C:\Users\Leon Li\source\repos\LeonTLam\GroupAssignment2\GroupAssignment2\wwwroot\lib\bootstrap\js\bootstrap.js"'
2023-10-31 11:18:43.157 +01:00 [Information] Sending file. Request path: '"/lib/jquery/jquery.js"'. Physical path: '"C:\Users\Leon Li\source\repos\LeonTLam\GroupAssignment2\GroupAssignment2\wwwroot\lib\jquery\jquery.js"'
2023-10-31 11:18:43.157 +01:00 [Information] Request finished HTTP/2 GET https://localhost:7242/css/index.css - - - 200 803 text/css 56.4438ms
2023-10-31 11:18:43.157 +01:00 [Information] Request finished HTTP/2 GET https://localhost:7242/lib/jquery-validation-unobtrusive/jquery.validate.unobtrusive.js - - - 200 19820 application/javascript 56.7438ms
2023-10-31 11:18:43.157 +01:00 [Information] Request finished HTTP/2 GET https://localhost:7242/lib/bootstrap/js/bootstrap.js - - - 200 145313 application/javascript 56.9191ms
2023-10-31 11:18:43.157 +01:00 [Information] Request finished HTTP/2 GET https://localhost:7242/lib/jquery/jquery.js - - - 200 285314 application/javascript 56.9437ms
2023-10-31 11:18:43.165 +01:00 [Information] Request starting HTTP/2 GET https://localhost:7242/css/_Button.css - -
2023-10-31 11:18:43.169 +01:00 [Information] Request starting HTTP/2 GET https://localhost:7242/_vs/browserLink - -
2023-10-31 11:18:43.169 +01:00 [Information] Request starting HTTP/2 GET https://localhost:7242/_framework/aspnetcore-browser-refresh.js - -
2023-10-31 11:18:43.169 +01:00 [Information] Sending file. Request path: '"/css/_Button.css"'. Physical path: '"C:\Users\Leon Li\source\repos\LeonTLam\GroupAssignment2\GroupAssignment2\wwwroot\css\_Button.css"'
2023-10-31 11:18:43.169 +01:00 [Information] Request starting HTTP/2 GET https://localhost:7242/js/site.js?v=4q1jwFhaPaZgr8WAUSrux6hAuh0XDg9kPS3xIVq36I0 - -
2023-10-31 11:18:43.170 +01:00 [Information] Request finished HTTP/2 GET https://localhost:7242/css/_Button.css - - - 200 2319 text/css 4.7741ms
2023-10-31 11:18:43.171 +01:00 [Information] Sending file. Request path: '"/js/site.js"'. Physical path: '"C:\Users\Leon Li\source\repos\LeonTLam\GroupAssignment2\GroupAssignment2\wwwroot\js\site.js"'
2023-10-31 11:18:43.171 +01:00 [Information] Request finished HTTP/2 GET https://localhost:7242/js/site.js?v=4q1jwFhaPaZgr8WAUSrux6hAuh0XDg9kPS3xIVq36I0 - - - 200 230 application/javascript 2.8970ms
2023-10-31 11:18:43.173 +01:00 [Information] Request finished HTTP/2 GET https://localhost:7242/_framework/aspnetcore-browser-refresh.js - - - 200 12364 application/javascript;+charset=utf-8 4.5155ms
2023-10-31 11:18:43.183 +01:00 [Information] Request starting HTTP/2 GET https://localhost:7242/images/home/jumbotron.jpg - -
2023-10-31 11:18:43.186 +01:00 [Information] Sending file. Request path: '"/images/home/jumbotron.jpg"'. Physical path: '"C:\Users\Leon Li\source\repos\LeonTLam\GroupAssignment2\GroupAssignment2\wwwroot\images\home\jumbotron.jpg"'
2023-10-31 11:18:43.186 +01:00 [Information] Request finished HTTP/2 GET https://localhost:7242/images/home/jumbotron.jpg - - - 200 282612 image/jpeg 3.1321ms
2023-10-31 11:18:43.188 +01:00 [Information] Request finished HTTP/2 GET https://localhost:7242/_vs/browserLink - - - 200 - text/javascript;+charset=UTF-8 19.7700ms
2023-10-31 11:18:44.955 +01:00 [Information] Request starting HTTP/2 GET https://localhost:7242/About - -
2023-10-31 11:18:44.962 +01:00 [Information] Executing endpoint '"GroupAssignment2.Controllers.AboutController.Index (GroupAssignment2)"'
2023-10-31 11:18:44.963 +01:00 [Information] Route matched with "{action = \"Index\", controller = \"About\", page = \"\", area = \"\"}". Executing controller action with signature "Microsoft.AspNetCore.Mvc.IActionResult Index()" on controller "GroupAssignment2.Controllers.AboutController" ("GroupAssignment2").
2023-10-31 11:18:44.978 +01:00 [Information] Executing action method "GroupAssignment2.Controllers.AboutController.Index (GroupAssignment2)" - Validation state: Valid
2023-10-31 11:18:44.978 +01:00 [Information] Executed action method "GroupAssignment2.Controllers.AboutController.Index (GroupAssignment2)", returned result "Microsoft.AspNetCore.Mvc.ViewResult" in 0.1965ms.
2023-10-31 11:18:44.978 +01:00 [Information] Executing ViewResult, running view "Index".
2023-10-31 11:18:44.991 +01:00 [Information] Executed ViewResult - view "Index" executed in 13.0798ms.
2023-10-31 11:18:44.991 +01:00 [Information] Executed action "GroupAssignment2.Controllers.AboutController.Index (GroupAssignment2)" in 28.3817ms
2023-10-31 11:18:44.991 +01:00 [Information] Executed endpoint '"GroupAssignment2.Controllers.AboutController.Index (GroupAssignment2)"'
2023-10-31 11:18:44.993 +01:00 [Information] Request finished HTTP/2 GET https://localhost:7242/About - - - 200 - text/html;+charset=utf-8 38.5849ms
2023-10-31 11:18:44.997 +01:00 [Information] Request starting HTTP/2 GET https://localhost:7242/css/about.css - -
2023-10-31 11:18:44.997 +01:00 [Information] Request starting HTTP/2 GET https://localhost:7242/lib/jquery-validate/jquery.validate.js - -
2023-10-31 11:18:44.997 +01:00 [Information] Request starting HTTP/2 GET https://localhost:7242/images/about/firstslide.jpg - -
2023-10-31 11:18:44.998 +01:00 [Information] Sending file. Request path: '"/css/about.css"'. Physical path: '"C:\Users\Leon Li\source\repos\LeonTLam\GroupAssignment2\GroupAssignment2\wwwroot\css\about.css"'
2023-10-31 11:18:44.999 +01:00 [Information] Request finished HTTP/2 GET https://localhost:7242/lib/jquery-validate/jquery.validate.js - - - 404 0 - 2.1559ms
2023-10-31 11:18:44.999 +01:00 [Information] Request finished HTTP/2 GET https://localhost:7242/css/about.css - - - 200 7 text/css 2.4515ms
2023-10-31 11:18:45.005 +01:00 [Information] Request starting HTTP/2 GET https://localhost:7242/images/about/secondsslide.jpg - -
2023-10-31 11:18:45.006 +01:00 [Information] Request starting HTTP/2 GET https://localhost:7242/images/about/thirdslide.jpg - -
2023-10-31 11:18:45.007 +01:00 [Information] Request starting HTTP/2 GET https://localhost:7242/_framework/aspnetcore-browser-refresh.js - -
2023-10-31 11:18:45.007 +01:00 [Information] Request starting HTTP/2 GET https://localhost:7242/images/about/person1.jpg - -
2023-10-31 11:18:45.007 +01:00 [Information] Request starting HTTP/2 GET https://localhost:7242/images/about/person2.jpg - -
2023-10-31 11:18:45.007 +01:00 [Information] Request starting HTTP/2 GET https://localhost:7242/images/about/person3.jpg - -
2023-10-31 11:18:45.007 +01:00 [Information] Request starting HTTP/2 GET https://localhost:7242/images/about/thumbsup.jpg - -
2023-10-31 11:18:45.007 +01:00 [Information] Request starting HTTP/2 GET https://localhost:7242/_vs/browserLink - -
2023-10-31 11:18:45.007 +01:00 [Information] Request finished HTTP/2 GET https://localhost:7242/_framework/aspnetcore-browser-refresh.js - - - 200 12364 application/javascript;+charset=utf-8 0.6746ms
2023-10-31 11:18:45.009 +01:00 [Information] Sending file. Request path: '"/images/about/person2.jpg"'. Physical path: '"C:\Users\Leon Li\source\repos\LeonTLam\GroupAssignment2\GroupAssignment2\wwwroot\images\about\person2.jpg"'
2023-10-31 11:18:45.009 +01:00 [Information] Request finished HTTP/2 GET https://localhost:7242/images/about/person2.jpg - - - 200 8230 image/jpeg 2.5346ms
2023-10-31 11:18:45.021 +01:00 [Information] Sending file. Request path: '"/images/about/person3.jpg"'. Physical path: '"C:\Users\Leon Li\source\repos\LeonTLam\GroupAssignment2\GroupAssignment2\wwwroot\images\about\person3.jpg"'
2023-10-31 11:18:45.021 +01:00 [Information] Sending file. Request path: '"/images/about/firstslide.jpg"'. Physical path: '"C:\Users\Leon Li\source\repos\LeonTLam\GroupAssignment2\GroupAssignment2\wwwroot\images\about\firstslide.jpg"'
2023-10-31 11:18:45.021 +01:00 [Information] Sending file. Request path: '"/images/about/person1.jpg"'. Physical path: '"C:\Users\Leon Li\source\repos\LeonTLam\GroupAssignment2\GroupAssignment2\wwwroot\images\about\person1.jpg"'
2023-10-31 11:18:45.022 +01:00 [Information] Request finished HTTP/2 GET https://localhost:7242/images/about/firstslide.jpg - - - 200 116717 image/jpeg 25.1088ms
2023-10-31 11:18:45.023 +01:00 [Information] Request finished HTTP/2 GET https://localhost:7242/images/about/person3.jpg - - - 200 7034 image/jpeg 15.9015ms
2023-10-31 11:18:45.023 +01:00 [Information] Request finished HTTP/2 GET https://localhost:7242/images/about/person1.jpg - - - 200 6355 image/jpeg 16.0511ms
2023-10-31 11:18:45.024 +01:00 [Information] Sending file. Request path: '"/images/about/thumbsup.jpg"'. Physical path: '"C:\Users\Leon Li\source\repos\LeonTLam\GroupAssignment2\GroupAssignment2\wwwroot\images\about\thumbsup.jpg"'
2023-10-31 11:18:45.026 +01:00 [Information] Sending file. Request path: '"/images/about/thirdslide.jpg"'. Physical path: '"C:\Users\Leon Li\source\repos\LeonTLam\GroupAssignment2\GroupAssignment2\wwwroot\images\about\thirdslide.jpg"'
2023-10-31 11:18:45.026 +01:00 [Information] Sending file. Request path: '"/images/about/secondsslide.jpg"'. Physical path: '"C:\Users\Leon Li\source\repos\LeonTLam\GroupAssignment2\GroupAssignment2\wwwroot\images\about\secondsslide.jpg"'
2023-10-31 11:18:45.027 +01:00 [Information] Request finished HTTP/2 GET https://localhost:7242/images/about/thumbsup.jpg - - - 200 44693 image/jpeg 19.5937ms
2023-10-31 11:18:45.027 +01:00 [Information] Request finished HTTP/2 GET https://localhost:7242/images/about/thirdslide.jpg - - - 200 127890 image/jpeg 20.7745ms
2023-10-31 11:18:45.027 +01:00 [Information] Request finished HTTP/2 GET https://localhost:7242/images/about/secondsslide.jpg - - - 200 112711 image/jpeg 22.3034ms
2023-10-31 11:18:45.028 +01:00 [Information] Request finished HTTP/2 GET https://localhost:7242/_vs/browserLink - - - 200 - text/javascript;+charset=UTF-8 20.8182ms
2023-10-31 12:10:38.901 +01:00 [Information] Request starting HTTP/2 GET https://localhost:7242/Transaction/ConfirmOrder - -
2023-10-31 12:10:39.031 +01:00 [Information] Executing endpoint '"GroupAssignment2.Controllers.TransactionController.ConfirmOrder (GroupAssignment2)"'
2023-10-31 12:10:39.044 +01:00 [Information] Route matched with "{action = \"ConfirmOrder\", controller = \"Transaction\", page = \"\", area = \"\"}". Executing controller action with signature "System.Threading.Tasks.Task`1[Microsoft.AspNetCore.Mvc.IActionResult] ConfirmOrder(GroupAssignment2.Models.Order)" on controller "GroupAssignment2.Controllers.TransactionController" ("GroupAssignment2").
2023-10-31 12:10:39.079 +01:00 [Information] Executing action method "GroupAssignment2.Controllers.TransactionController.ConfirmOrder (GroupAssignment2)" - Validation state: Valid
2023-10-31 12:10:39.080 +01:00 [Information] Executed action method "GroupAssignment2.Controllers.TransactionController.ConfirmOrder (GroupAssignment2)", returned result "Microsoft.AspNetCore.Mvc.ViewResult" in 1.1644ms.
2023-10-31 12:10:39.081 +01:00 [Information] Executing ViewResult, running view "ConfirmOrder".
2023-10-31 12:10:39.127 +01:00 [Information] Executed ViewResult - view "ConfirmOrder" executed in 46.7066ms.
2023-10-31 12:10:39.127 +01:00 [Information] Executed action "GroupAssignment2.Controllers.TransactionController.ConfirmOrder (GroupAssignment2)" in 83.4559ms
2023-10-31 12:10:39.127 +01:00 [Information] Executed endpoint '"GroupAssignment2.Controllers.TransactionController.ConfirmOrder (GroupAssignment2)"'
2023-10-31 12:10:39.136 +01:00 [Information] Request starting HTTP/2 GET https://localhost:7242/css/_Layout.css - -
2023-10-31 12:10:39.136 +01:00 [Information] Request starting HTTP/2 GET https://localhost:7242/lib/jquery/jquery.js - -
2023-10-31 12:10:39.136 +01:00 [Information] Request starting HTTP/2 GET https://localhost:7242/lib/bootstrap/js/bootstrap.js - -
2023-10-31 12:10:39.136 +01:00 [Information] Request starting HTTP/2 GET https://localhost:7242/lib/jquery-validate/jquery.validate.js - -
2023-10-31 12:10:39.151 +01:00 [Information] Request finished HTTP/2 GET https://localhost:7242/lib/jquery-validate/jquery.validate.js - - - 404 0 - 14.6596ms
2023-10-31 12:10:39.151 +01:00 [Information] Request finished HTTP/2 GET https://localhost:7242/Transaction/ConfirmOrder - - - 200 - text/html;+charset=utf-8 250.5540ms
2023-10-31 12:10:39.198 +01:00 [Information] Request starting HTTP/2 GET https://localhost:7242/images/layout/burgerIcon.png - -
2023-10-31 12:10:39.212 +01:00 [Information] Request starting HTTP/2 GET https://localhost:7242/css/_Button.css - -
2023-10-31 12:10:39.235 +01:00 [Information] Request starting HTTP/2 GET https://localhost:7242/lib/jquery-validation-unobtrusive/jquery.validate.unobtrusive.js - -
2023-10-31 12:10:39.257 +01:00 [Information] Sending file. Request path: '"/css/_Layout.css"'. Physical path: '"C:\Users\Leon Li\source\repos\LeonTLam\GroupAssignment2\GroupAssignment2\wwwroot\css\_Layout.css"'
2023-10-31 12:10:39.274 +01:00 [Information] Sending file. Request path: '"/css/_Button.css"'. Physical path: '"C:\Users\Leon Li\source\repos\LeonTLam\GroupAssignment2\GroupAssignment2\wwwroot\css\_Button.css"'
2023-10-31 12:10:39.274 +01:00 [Information] Sending file. Request path: '"/images/layout/burgerIcon.png"'. Physical path: '"C:\Users\Leon Li\source\repos\LeonTLam\GroupAssignment2\GroupAssignment2\wwwroot\images\layout\burgerIcon.png"'
2023-10-31 12:10:39.277 +01:00 [Information] Request finished HTTP/2 GET https://localhost:7242/css/_Layout.css - - - 200 410 text/css 137.8690ms
2023-10-31 12:10:39.278 +01:00 [Information] Sending file. Request path: '"/lib/jquery-validation-unobtrusive/jquery.validate.unobtrusive.js"'. Physical path: '"C:\Users\Leon Li\source\repos\LeonTLam\GroupAssignment2\GroupAssignment2\wwwroot\lib\jquery-validation-unobtrusive\jquery.validate.unobtrusive.js"'
2023-10-31 12:10:39.279 +01:00 [Information] Request finished HTTP/2 GET https://localhost:7242/images/layout/burgerIcon.png - - - 200 1664 image/png 81.1785ms
2023-10-31 12:10:39.284 +01:00 [Information] Request finished HTTP/2 GET https://localhost:7242/lib/jquery-validation-unobtrusive/jquery.validate.unobtrusive.js - - - 200 19820 application/javascript 48.9890ms
2023-10-31 12:10:39.284 +01:00 [Information] Request starting HTTP/2 GET https://localhost:7242/js/site.js?v=4q1jwFhaPaZgr8WAUSrux6hAuh0XDg9kPS3xIVq36I0 - -
2023-10-31 12:10:39.284 +01:00 [Information] Request finished HTTP/2 GET https://localhost:7242/css/_Button.css - - - 200 2319 text/css 72.5870ms
2023-10-31 12:10:39.284 +01:00 [Information] Sending file. Request path: '"/lib/bootstrap/js/bootstrap.js"'. Physical path: '"C:\Users\Leon Li\source\repos\LeonTLam\GroupAssignment2\GroupAssignment2\wwwroot\lib\bootstrap\js\bootstrap.js"'
2023-10-31 12:10:39.284 +01:00 [Information] Request finished HTTP/2 GET https://localhost:7242/lib/bootstrap/js/bootstrap.js - - - 200 145313 application/javascript 148.6544ms
2023-10-31 12:10:39.286 +01:00 [Information] Sending file. Request path: '"/js/site.js"'. Physical path: '"C:\Users\Leon Li\source\repos\LeonTLam\GroupAssignment2\GroupAssignment2\wwwroot\js\site.js"'
2023-10-31 12:10:39.286 +01:00 [Information] Request finished HTTP/2 GET https://localhost:7242/js/site.js?v=4q1jwFhaPaZgr8WAUSrux6hAuh0XDg9kPS3xIVq36I0 - - - 200 230 application/javascript 2.2492ms
2023-10-31 12:10:39.286 +01:00 [Information] Request starting HTTP/2 GET https://localhost:7242/_framework/aspnetcore-browser-refresh.js - -
2023-10-31 12:10:39.287 +01:00 [Information] Request finished HTTP/2 GET https://localhost:7242/_framework/aspnetcore-browser-refresh.js - - - 200 12364 application/javascript;+charset=utf-8 0.5993ms
2023-10-31 12:10:39.287 +01:00 [Information] Sending file. Request path: '"/lib/jquery/jquery.js"'. Physical path: '"C:\Users\Leon Li\source\repos\LeonTLam\GroupAssignment2\GroupAssignment2\wwwroot\lib\jquery\jquery.js"'
2023-10-31 12:10:39.287 +01:00 [Information] Request finished HTTP/2 GET https://localhost:7242/lib/jquery/jquery.js - - - 200 285314 application/javascript 151.3625ms
2023-10-31 12:10:39.289 +01:00 [Information] Request starting HTTP/2 GET https://localhost:7242/_vs/browserLink - -
2023-10-31 12:10:39.293 +01:00 [Information] Request finished HTTP/2 GET https://localhost:7242/_vs/browserLink - - - 200 - text/javascript;+charset=UTF-8 4.1324ms
2023-10-31 12:10:45.339 +01:00 [Information] Request starting HTTP/2 GET https://localhost:7242/Transaction/OrderComplete/1 - -
2023-10-31 12:10:45.341 +01:00 [Information] Executing endpoint '"GroupAssignment2.Controllers.TransactionController.OrderCompleteAsync (GroupAssignment2)"'
2023-10-31 12:10:45.343 +01:00 [Information] Route matched with "{action = \"OrderComplete\", controller = \"Transaction\", page = \"\", area = \"\"}". Executing controller action with signature "System.Threading.Tasks.Task`1[Microsoft.AspNetCore.Mvc.IActionResult] OrderCompleteAsync(Int32)" on controller "GroupAssignment2.Controllers.TransactionController" ("GroupAssignment2").
2023-10-31 12:10:45.359 +01:00 [Information] Executing action method "GroupAssignment2.Controllers.TransactionController.OrderCompleteAsync (GroupAssignment2)" - Validation state: Valid
2023-10-31 12:10:45.375 +01:00 [Information] Executed action method "GroupAssignment2.Controllers.TransactionController.OrderCompleteAsync (GroupAssignment2)", returned result "Microsoft.AspNetCore.Mvc.ViewResult" in 15.9676ms.
2023-10-31 12:10:45.375 +01:00 [Information] Executing ViewResult, running view "OrderComplete".
2023-10-31 12:10:45.388 +01:00 [Information] Executed ViewResult - view "OrderComplete" executed in 13.0768ms.
2023-10-31 12:10:45.388 +01:00 [Information] Executed action "GroupAssignment2.Controllers.TransactionController.OrderCompleteAsync (GroupAssignment2)" in 45.5886ms
2023-10-31 12:10:45.388 +01:00 [Information] Executed endpoint '"GroupAssignment2.Controllers.TransactionController.OrderCompleteAsync (GroupAssignment2)"'
2023-10-31 12:10:45.390 +01:00 [Information] Request finished HTTP/2 GET https://localhost:7242/Transaction/OrderComplete/1 - - - 200 - text/html;+charset=utf-8 50.8924ms
2023-10-31 12:10:45.397 +01:00 [Information] Request starting HTTP/2 GET https://localhost:7242/lib/jquery-validate/jquery.validate.js - -
2023-10-31 12:10:45.397 +01:00 [Information] Request starting HTTP/2 GET https://localhost:7242/images/transaction/accept.png - -
2023-10-31 12:10:45.397 +01:00 [Information] Request starting HTTP/2 GET https://localhost:7242/_framework/aspnetcore-browser-refresh.js - -
2023-10-31 12:10:45.397 +01:00 [Information] Request finished HTTP/2 GET https://localhost:7242/_framework/aspnetcore-browser-refresh.js - - - 200 12364 application/javascript;+charset=utf-8 0.3799ms
2023-10-31 12:10:45.399 +01:00 [Information] Request finished HTTP/2 GET https://localhost:7242/lib/jquery-validate/jquery.validate.js - - - 404 0 - 2.0605ms
2023-10-31 12:10:45.399 +01:00 [Information] Sending file. Request path: '"/images/transaction/accept.png"'. Physical path: '"C:\Users\Leon Li\source\repos\LeonTLam\GroupAssignment2\GroupAssignment2\wwwroot\images\transaction\accept.png"'
2023-10-31 12:10:45.399 +01:00 [Information] Request finished HTTP/2 GET https://localhost:7242/images/transaction/accept.png - - - 200 17264 image/png 2.1692ms
2023-10-31 12:10:45.401 +01:00 [Information] Request starting HTTP/2 GET https://localhost:7242/_vs/browserLink - -
2023-10-31 12:10:45.412 +01:00 [Information] Request finished HTTP/2 GET https://localhost:7242/_vs/browserLink - - - 200 - text/javascript;+charset=UTF-8 10.6515ms
