2023-10-31 11:18:15.298 +01:00 [Information] User profile is available. Using '"C:\Users\Leon Li\AppData\Local\ASP.NET\DataProtection-Keys"' as key repository and Windows DPAPI to encrypt keys at rest.
2023-10-31 11:18:16.130 +01:00 [Information] Now listening on: "https://localhost:7242"
2023-10-31 11:18:16.131 +01:00 [Information] Now listening on: "http://localhost:5249"
2023-10-31 11:18:16.134 +01:00 [Information] Application started. Press Ctrl+C to shut down.
2023-10-31 11:18:16.135 +01:00 [Information] Hosting environment: "Development"
2023-10-31 11:18:16.135 +01:00 [Information] Content root path: "C:\Users\Leon Li\source\repos\LeonTLam\GroupAssignment2\GroupAssignment2\"
2023-10-31 11:18:16.378 +01:00 [Information] Request starting HTTP/2 GET https://localhost:7242/ - -
2023-10-31 11:18:16.463 +01:00 [Information] Executing endpoint '"GroupAssignment2.Controllers.HomeController.Index (GroupAssignment2)"'
2023-10-31 11:18:16.475 +01:00 [Information] Route matched with "{action = \"Index\", controller = \"Home\", page = \"\", area = \"\"}". Executing controller action with signature "System.Threading.Tasks.Task`1[Microsoft.AspNetCore.Mvc.IActionResult] Index()" on controller "GroupAssignment2.Controllers.HomeController" ("GroupAssignment2").
2023-10-31 11:18:16.569 +01:00 [Information] Executing action method "GroupAssignment2.Controllers.HomeController.Index (GroupAssignment2)" - Validation state: Valid
2023-10-31 11:18:16.611 +01:00 [Information] Executed action method "GroupAssignment2.Controllers.HomeController.Index (GroupAssignment2)", returned result "Microsoft.AspNetCore.Mvc.ViewResult" in 37.5627ms.
2023-10-31 11:18:16.617 +01:00 [Information] Executing ViewResult, running view "Index".
2023-10-31 11:18:16.771 +01:00 [Information] Executed ViewResult - view "Index" executed in 154.7198ms.
2023-10-31 11:18:16.776 +01:00 [Information] Executed action "GroupAssignment2.Controllers.HomeController.Index (GroupAssignment2)" in 300.6372ms
2023-10-31 11:18:16.777 +01:00 [Information] Executed endpoint '"GroupAssignment2.Controllers.HomeController.Index (GroupAssignment2)"'
2023-10-31 11:18:16.797 +01:00 [Information] Request starting HTTP/2 GET https://localhost:7242/lib/bootstrap/js/bootstrap.js - -
2023-10-31 11:18:16.797 +01:00 [Information] Request starting HTTP/2 GET https://localhost:7242/images/layout/burgerIcon.png - -
2023-10-31 11:18:16.797 +01:00 [Information] Request starting HTTP/2 GET https://localhost:7242/lib/jquery-validation-unobtrusive/jquery.validate.unobtrusive.js - -
2023-10-31 11:18:16.798 +01:00 [Information] Request starting HTTP/2 GET https://localhost:7242/css/index.css - -
2023-10-31 11:18:16.797 +01:00 [Information] Request starting HTTP/2 GET https://localhost:7242/lib/jquery-validate/jquery.validate.js - -
2023-10-31 11:18:16.797 +01:00 [Information] Request starting HTTP/2 GET https://localhost:7242/lib/jquery/jquery.js - -
2023-10-31 11:18:16.797 +01:00 [Information] Request starting HTTP/2 GET https://localhost:7242/css/_Layout.css - -
2023-10-31 11:18:16.838 +01:00 [Information] Request finished HTTP/2 GET https://localhost:7242/lib/jquery-validate/jquery.validate.js - - - 404 0 - 39.9299ms
2023-10-31 11:18:16.864 +01:00 [Information] Sending file. Request path: '"/css/_Layout.css"'. Physical path: '"C:\Users\Leon Li\source\repos\LeonTLam\GroupAssignment2\GroupAssignment2\wwwroot\css\_Layout.css"'
2023-10-31 11:18:16.864 +01:00 [Information] Request finished HTTP/2 GET https://localhost:7242/css/_Layout.css - - - 200 410 text/css 66.4025ms
2023-10-31 11:18:16.873 +01:00 [Information] Request finished HTTP/2 GET https://localhost:7242/ - - - 200 - text/html;+charset=utf-8 497.5677ms
2023-10-31 11:18:16.874 +01:00 [Information] Sending file. Request path: '"/css/index.css"'. Physical path: '"C:\Users\Leon Li\source\repos\LeonTLam\GroupAssignment2\GroupAssignment2\wwwroot\css\index.css"'
2023-10-31 11:18:16.874 +01:00 [Information] Sending file. Request path: '"/lib/jquery-validation-unobtrusive/jquery.validate.unobtrusive.js"'. Physical path: '"C:\Users\Leon Li\source\repos\LeonTLam\GroupAssignment2\GroupAssignment2\wwwroot\lib\jquery-validation-unobtrusive\jquery.validate.unobtrusive.js"'
2023-10-31 11:18:16.874 +01:00 [Information] Sending file. Request path: '"/images/layout/burgerIcon.png"'. Physical path: '"C:\Users\Leon Li\source\repos\LeonTLam\GroupAssignment2\GroupAssignment2\wwwroot\images\layout\burgerIcon.png"'
2023-10-31 11:18:16.874 +01:00 [Information] Request finished HTTP/2 GET https://localhost:7242/css/index.css - - - 200 803 text/css 76.5461ms
2023-10-31 11:18:16.874 +01:00 [Information] Sending file. Request path: '"/lib/jquery/jquery.js"'. Physical path: '"C:\Users\Leon Li\source\repos\LeonTLam\GroupAssignment2\GroupAssignment2\wwwroot\lib\jquery\jquery.js"'
2023-10-31 11:18:16.874 +01:00 [Information] Sending file. Request path: '"/lib/bootstrap/js/bootstrap.js"'. Physical path: '"C:\Users\Leon Li\source\repos\LeonTLam\GroupAssignment2\GroupAssignment2\wwwroot\lib\bootstrap\js\bootstrap.js"'
2023-10-31 11:18:16.874 +01:00 [Information] Request finished HTTP/2 GET https://localhost:7242/lib/jquery-validation-unobtrusive/jquery.validate.unobtrusive.js - - - 200 19820 application/javascript 76.9026ms
2023-10-31 11:18:16.874 +01:00 [Information] Request finished HTTP/2 GET https://localhost:7242/images/layout/burgerIcon.png - - - 200 1664 image/png 76.7585ms
2023-10-31 11:18:16.874 +01:00 [Information] Request finished HTTP/2 GET https://localhost:7242/lib/jquery/jquery.js - - - 200 285314 application/javascript 76.9713ms
2023-10-31 11:18:16.874 +01:00 [Information] Request finished HTTP/2 GET https://localhost:7242/lib/bootstrap/js/bootstrap.js - - - 200 145313 application/javascript 76.9912ms
2023-10-31 11:18:16.879 +01:00 [Information] Request starting HTTP/2 GET https://localhost:7242/css/_Button.css - -
2023-10-31 11:18:16.882 +01:00 [Information] Sending file. Request path: '"/css/_Button.css"'. Physical path: '"C:\Users\Leon Li\source\repos\LeonTLam\GroupAssignment2\GroupAssignment2\wwwroot\css\_Button.css"'
2023-10-31 11:18:16.882 +01:00 [Information] Request finished HTTP/2 GET https://localhost:7242/css/_Button.css - - - 200 2319 text/css 3.4198ms
2023-10-31 11:18:16.884 +01:00 [Information] Request starting HTTP/2 GET https://localhost:7242/_framework/aspnetcore-browser-refresh.js - -
2023-10-31 11:18:16.884 +01:00 [Information] Request starting HTTP/2 GET https://localhost:7242/_vs/browserLink - -
2023-10-31 11:18:16.884 +01:00 [Information] Request starting HTTP/2 GET https://localhost:7242/js/site.js?v=4q1jwFhaPaZgr8WAUSrux6hAuh0XDg9kPS3xIVq36I0 - -
2023-10-31 11:18:16.891 +01:00 [Information] Sending file. Request path: '"/js/site.js"'. Physical path: '"C:\Users\Leon Li\source\repos\LeonTLam\GroupAssignment2\GroupAssignment2\wwwroot\js\site.js"'
2023-10-31 11:18:16.891 +01:00 [Information] Request finished HTTP/2 GET https://localhost:7242/js/site.js?v=4q1jwFhaPaZgr8WAUSrux6hAuh0XDg9kPS3xIVq36I0 - - - 200 230 application/javascript 6.8426ms
2023-10-31 11:18:16.893 +01:00 [Information] Request finished HTTP/2 GET https://localhost:7242/_framework/aspnetcore-browser-refresh.js - - - 200 12364 application/javascript;+charset=utf-8 8.6215ms
2023-10-31 11:18:16.906 +01:00 [Information] Request starting HTTP/2 GET https://localhost:7242/images/home/jumbotron.jpg - -
2023-10-31 11:18:16.909 +01:00 [Information] Sending file. Request path: '"/images/home/jumbotron.jpg"'. Physical path: '"C:\Users\Leon Li\source\repos\LeonTLam\GroupAssignment2\GroupAssignment2\wwwroot\images\home\jumbotron.jpg"'
2023-10-31 11:18:16.910 +01:00 [Information] Request finished HTTP/2 GET https://localhost:7242/images/home/jumbotron.jpg - - - 200 282612 image/jpeg 3.9601ms
2023-10-31 11:18:16.912 +01:00 [Information] Request finished HTTP/2 GET https://localhost:7242/_vs/browserLink - - - 200 - text/javascript;+charset=UTF-8 27.8729ms
2023-10-31 11:18:17.556 +01:00 [Information] Request starting HTTP/2 GET https://localhost:7242/About - -
2023-10-31 11:18:17.564 +01:00 [Information] Executing endpoint '"GroupAssignment2.Controllers.AboutController.Index (GroupAssignment2)"'
2023-10-31 11:18:17.564 +01:00 [Information] Route matched with "{action = \"Index\", controller = \"About\", page = \"\", area = \"\"}". Executing controller action with signature "Microsoft.AspNetCore.Mvc.IActionResult Index()" on controller "GroupAssignment2.Controllers.AboutController" ("GroupAssignment2").
2023-10-31 11:18:17.579 +01:00 [Information] Executing action method "GroupAssignment2.Controllers.AboutController.Index (GroupAssignment2)" - Validation state: Valid
2023-10-31 11:18:17.579 +01:00 [Information] Executed action method "GroupAssignment2.Controllers.AboutController.Index (GroupAssignment2)", returned result "Microsoft.AspNetCore.Mvc.ViewResult" in 0.1842ms.
2023-10-31 11:18:17.579 +01:00 [Information] Executing ViewResult, running view "Index".
2023-10-31 11:18:17.583 +01:00 [Error] The view '"Index"' was not found. Searched locations: ["/Views/About/Index.cshtml", "/Views/Shared/Index.cshtml", "/Pages/Shared/Index.cshtml"]
2023-10-31 11:18:17.585 +01:00 [Information] Executed action "GroupAssignment2.Controllers.AboutController.Index (GroupAssignment2)" in 20.9044ms
2023-10-31 11:18:17.586 +01:00 [Information] Executed endpoint '"GroupAssignment2.Controllers.AboutController.Index (GroupAssignment2)"'
2023-10-31 11:18:17.611 +01:00 [Error] An unhandled exception has occurred while executing the request.
System.InvalidOperationException: The view 'Index' was not found. The following locations were searched:
/Views/About/Index.cshtml
/Views/Shared/Index.cshtml
/Pages/Shared/Index.cshtml
   at Microsoft.AspNetCore.Mvc.ViewEngines.ViewEngineResult.EnsureSuccessful(IEnumerable`1 originalLocations)
   at Microsoft.AspNetCore.Mvc.ViewFeatures.ViewResultExecutor.ExecuteAsync(ActionContext context, ViewResult result)
   at Microsoft.AspNetCore.Mvc.ViewResult.ExecuteResultAsync(ActionContext context)
   at Microsoft.AspNetCore.Mvc.Infrastructure.ResourceInvoker.<InvokeResultAsync>g__Logged|22_0(ResourceInvoker invoker, IActionResult result)
   at Microsoft.AspNetCore.Mvc.Infrastructure.ResourceInvoker.<InvokeNextResultFilterAsync>g__Awaited|30_0[TFilter,TFilterAsync](ResourceInvoker invoker, Task lastTask, State next, Scope scope, Object state, Boolean isCompleted)
   at Microsoft.AspNetCore.Mvc.Infrastructure.ResourceInvoker.Rethrow(ResultExecutedContextSealed context)
   at Microsoft.AspNetCore.Mvc.Infrastructure.ResourceInvoker.ResultNext[TFilter,TFilterAsync](State& next, Scope& scope, Object& state, Boolean& isCompleted)
   at Microsoft.AspNetCore.Mvc.Infrastructure.ResourceInvoker.InvokeResultFilters()
--- End of stack trace from previous location ---
   at Microsoft.AspNetCore.Mvc.Infrastructure.ResourceInvoker.<InvokeNextResourceFilter>g__Awaited|25_0(ResourceInvoker invoker, Task lastTask, State next, Scope scope, Object state, Boolean isCompleted)
   at Microsoft.AspNetCore.Mvc.Infrastructure.ResourceInvoker.Rethrow(ResourceExecutedContextSealed context)
   at Microsoft.AspNetCore.Mvc.Infrastructure.ResourceInvoker.Next(State& next, Scope& scope, Object& state, Boolean& isCompleted)
   at Microsoft.AspNetCore.Mvc.Infrastructure.ResourceInvoker.InvokeFilterPipelineAsync()
--- End of stack trace from previous location ---
   at Microsoft.AspNetCore.Mvc.Infrastructure.ResourceInvoker.<InvokeAsync>g__Logged|17_1(ResourceInvoker invoker)
   at Microsoft.AspNetCore.Mvc.Infrastructure.ResourceInvoker.<InvokeAsync>g__Logged|17_1(ResourceInvoker invoker)
   at Microsoft.AspNetCore.Routing.EndpointMiddleware.<Invoke>g__AwaitRequestTask|6_0(Endpoint endpoint, Task requestTask, ILogger logger)
   at Microsoft.AspNetCore.Authorization.AuthorizationMiddleware.Invoke(HttpContext context)
   at Microsoft.AspNetCore.Authentication.AuthenticationMiddleware.Invoke(HttpContext context)
   at Microsoft.AspNetCore.Session.SessionMiddleware.Invoke(HttpContext context)
   at Microsoft.AspNetCore.Session.SessionMiddleware.Invoke(HttpContext context)
   at Microsoft.AspNetCore.Diagnostics.DeveloperExceptionPageMiddleware.Invoke(HttpContext context)
2023-10-31 11:18:17.632 +01:00 [Information] Request finished HTTP/2 GET https://localhost:7242/About - - - 500 - text/html;+charset=utf-8 75.8933ms
2023-10-31 11:18:17.642 +01:00 [Information] Request starting HTTP/2 GET https://localhost:7242/_vs/browserLink - -
2023-10-31 11:18:17.642 +01:00 [Information] Request starting HTTP/2 GET https://localhost:7242/_framework/aspnetcore-browser-refresh.js - -
2023-10-31 11:18:17.642 +01:00 [Information] Request finished HTTP/2 GET https://localhost:7242/_framework/aspnetcore-browser-refresh.js - - - 200 12364 application/javascript;+charset=utf-8 0.6010ms
2023-10-31 11:18:17.652 +01:00 [Information] Request finished HTTP/2 GET https://localhost:7242/_vs/browserLink - - - 200 - text/javascript;+charset=UTF-8 10.6167ms
2023-10-31 11:18:19.472 +01:00 [Information] Request starting HTTP/2 GET https://localhost:7242/ - -
2023-10-31 11:18:19.473 +01:00 [Information] Executing endpoint '"GroupAssignment2.Controllers.HomeController.Index (GroupAssignment2)"'
2023-10-31 11:18:19.473 +01:00 [Information] Route matched with "{action = \"Index\", controller = \"Home\", page = \"\", area = \"\"}". Executing controller action with signature "System.Threading.Tasks.Task`1[Microsoft.AspNetCore.Mvc.IActionResult] Index()" on controller "GroupAssignment2.Controllers.HomeController" ("GroupAssignment2").
2023-10-31 11:18:19.487 +01:00 [Information] Executing action method "GroupAssignment2.Controllers.HomeController.Index (GroupAssignment2)" - Validation state: Valid
2023-10-31 11:18:19.488 +01:00 [Information] Executed action method "GroupAssignment2.Controllers.HomeController.Index (GroupAssignment2)", returned result "Microsoft.AspNetCore.Mvc.ViewResult" in 0.5454ms.
2023-10-31 11:18:19.488 +01:00 [Information] Executing ViewResult, running view "Index".
2023-10-31 11:18:19.500 +01:00 [Information] Executed ViewResult - view "Index" executed in 12.1147ms.
2023-10-31 11:18:19.500 +01:00 [Information] Executed action "GroupAssignment2.Controllers.HomeController.Index (GroupAssignment2)" in 27.2187ms
2023-10-31 11:18:19.500 +01:00 [Information] Executed endpoint '"GroupAssignment2.Controllers.HomeController.Index (GroupAssignment2)"'
2023-10-31 11:18:19.502 +01:00 [Information] Request finished HTTP/2 GET https://localhost:7242/ - - - 200 - text/html;+charset=utf-8 30.4093ms
2023-10-31 11:18:19.505 +01:00 [Information] Request starting HTTP/2 GET https://localhost:7242/lib/jquery-validate/jquery.validate.js - -
2023-10-31 11:18:19.505 +01:00 [Information] Request starting HTTP/2 GET https://localhost:7242/_framework/aspnetcore-browser-refresh.js - -
2023-10-31 11:18:19.506 +01:00 [Information] Request finished HTTP/2 GET https://localhost:7242/_framework/aspnetcore-browser-refresh.js - - - 200 12364 application/javascript;+charset=utf-8 0.4702ms
2023-10-31 11:18:19.506 +01:00 [Information] Request finished HTTP/2 GET https://localhost:7242/lib/jquery-validate/jquery.validate.js - - - 404 0 - 1.1645ms
