2023-11-08 13:44:29.524 +01:00 [Information] User profile is available. Using '"C:\Users\Leon Li\AppData\Local\ASP.NET\DataProtection-Keys"' as key repository and Windows DPAPI to encrypt keys at rest.
2023-11-08 13:44:30.706 +01:00 [Information] Now listening on: "https://localhost:7242"
2023-11-08 13:44:30.706 +01:00 [Information] Now listening on: "http://localhost:5249"
2023-11-08 13:44:30.709 +01:00 [Information] Application started. Press Ctrl+C to shut down.
2023-11-08 13:44:30.710 +01:00 [Information] Hosting environment: "Development"
2023-11-08 13:44:30.710 +01:00 [Information] Content root path: "C:\Users\Leon Li\source\repos\LeonTLam\GroupAssignment2\GroupAssignment2\"
2023-11-08 13:44:31.217 +01:00 [Information] Request starting HTTP/2 GET https://localhost:7242/ - -
2023-11-08 13:44:31.281 +01:00 [Information] Executing endpoint '"GroupAssignment2.Controllers.HomeController.Index (GroupAssignment2)"'
2023-11-08 13:44:31.293 +01:00 [Information] Route matched with "{action = \"Index\", controller = \"Home\", page = \"\", area = \"\"}". Executing controller action with signature "System.Threading.Tasks.Task`1[Microsoft.AspNetCore.Mvc.IActionResult] Index()" on controller "GroupAssignment2.Controllers.HomeController" ("GroupAssignment2").
2023-11-08 13:44:31.429 +01:00 [Information] Executing action method "GroupAssignment2.Controllers.HomeController.Index (GroupAssignment2)" - Validation state: Valid
2023-11-08 13:44:31.549 +01:00 [Error] An exception occurred while iterating over the results of a query for context type '"GroupAssignment2.DAL.HousingDbContext"'."
""System.FormatException: String '' was not recognized as a valid DateTime.
   at System.DateTimeParse.Parse(ReadOnlySpan`1 s, DateTimeFormatInfo dtfi, DateTimeStyles styles)
   at Microsoft.Data.Sqlite.SqliteValueReader.GetDateTime(Int32 ordinal)
   at Microsoft.Data.Sqlite.SqliteDataReader.GetDateTime(Int32 ordinal)
   at lambda_method183(Closure , QueryContext , DbDataReader , ResultContext , SingleQueryResultCoordinator )
   at Microsoft.EntityFrameworkCore.Query.Internal.SingleQueryingEnumerable`1.AsyncEnumerator.MoveNextAsync()"
System.FormatException: String '' was not recognized as a valid DateTime.
   at System.DateTimeParse.Parse(ReadOnlySpan`1 s, DateTimeFormatInfo dtfi, DateTimeStyles styles)
   at Microsoft.Data.Sqlite.SqliteValueReader.GetDateTime(Int32 ordinal)
   at Microsoft.Data.Sqlite.SqliteDataReader.GetDateTime(Int32 ordinal)
   at lambda_method183(Closure , QueryContext , DbDataReader , ResultContext , SingleQueryResultCoordinator )
   at Microsoft.EntityFrameworkCore.Query.Internal.SingleQueryingEnumerable`1.AsyncEnumerator.MoveNextAsync()
2023-11-08 13:44:31.609 +01:00 [Error] [HousingRepository] housings ToListAsync() failed when using GetAll(), error message: "String '' was not recognized as a valid DateTime."
2023-11-08 13:44:31.613 +01:00 [Information] Executed action method "GroupAssignment2.Controllers.HomeController.Index (GroupAssignment2)", returned result "Microsoft.AspNetCore.Mvc.ViewResult" in 179.9479ms.
2023-11-08 13:44:31.619 +01:00 [Information] Executing ViewResult, running view "Index".
