2023-11-07 15:43:07.611 +01:00 [Information] User profile is available. Using '"C:\Users\Leon Li\AppData\Local\ASP.NET\DataProtection-Keys"' as key repository and Windows DPAPI to encrypt keys at rest.
2023-11-07 15:43:08.812 +01:00 [Information] Now listening on: "https://localhost:7242"
2023-11-07 15:43:08.812 +01:00 [Information] Now listening on: "http://localhost:5249"
2023-11-07 15:43:08.816 +01:00 [Information] Application started. Press Ctrl+C to shut down.
2023-11-07 15:43:08.816 +01:00 [Information] Hosting environment: "Development"
2023-11-07 15:43:08.817 +01:00 [Information] Content root path: "C:\Users\Leon Li\source\repos\LeonTLam\GroupAssignment2\GroupAssignment2\"
2023-11-07 15:43:09.433 +01:00 [Information] Request starting HTTP/2 GET https://localhost:7242/ - -
2023-11-07 15:43:09.509 +01:00 [Information] Executing endpoint '"GroupAssignment2.Controllers.HomeController.Index (GroupAssignment2)"'
2023-11-07 15:43:09.522 +01:00 [Information] Route matched with "{action = \"Index\", controller = \"Home\", page = \"\", area = \"\"}". Executing controller action with signature "System.Threading.Tasks.Task`1[Microsoft.AspNetCore.Mvc.IActionResult] Index()" on controller "GroupAssignment2.Controllers.HomeController" ("GroupAssignment2").
2023-11-07 15:43:09.660 +01:00 [Information] Executing action method "GroupAssignment2.Controllers.HomeController.Index (GroupAssignment2)" - Validation state: Valid
2023-11-07 15:43:09.702 +01:00 [Information] Executed action method "GroupAssignment2.Controllers.HomeController.Index (GroupAssignment2)", returned result "Microsoft.AspNetCore.Mvc.ViewResult" in 39.0516ms.
2023-11-07 15:43:09.709 +01:00 [Information] Executing ViewResult, running view "Index".
2023-11-07 15:43:09.995 +01:00 [Information] Executed ViewResult - view "Index" executed in 287.9345ms.
2023-11-07 15:43:10.000 +01:00 [Information] Executed action "GroupAssignment2.Controllers.HomeController.Index (GroupAssignment2)" in 477.3803ms
2023-11-07 15:43:10.000 +01:00 [Information] Executed endpoint '"GroupAssignment2.Controllers.HomeController.Index (GroupAssignment2)"'
2023-11-07 15:43:10.031 +01:00 [Information] Request starting HTTP/2 GET https://localhost:7242/lib/bootstrap/js/bootstrap.js - -
2023-11-07 15:43:10.031 +01:00 [Information] Request starting HTTP/2 GET https://localhost:7242/css/_Layout.css - -
2023-11-07 15:43:10.031 +01:00 [Information] Request starting HTTP/2 GET https://localhost:7242/images/layout/burgerIcon.png - -
2023-11-07 15:43:10.031 +01:00 [Information] Request starting HTTP/2 GET https://localhost:7242/lib/jquery-validation-unobtrusive/jquery.validate.unobtrusive.js - -
2023-11-07 15:43:10.031 +01:00 [Information] Request starting HTTP/2 GET https://localhost:7242/lib/jquery-validate/jquery.validate.js - -
2023-11-07 15:43:10.031 +01:00 [Information] Request starting HTTP/2 GET https://localhost:7242/css/index.css - -
2023-11-07 15:43:10.031 +01:00 [Information] Request starting HTTP/2 GET https://localhost:7242/lib/jquery/jquery.js - -
2023-11-07 15:43:10.034 +01:00 [Information] Request finished HTTP/2 GET https://localhost:7242/lib/jquery-validate/jquery.validate.js - - - 404 0 - 2.9847ms
2023-11-07 15:43:10.043 +01:00 [Information] Request finished HTTP/2 GET https://localhost:7242/ - - - 200 - text/html;+charset=utf-8 612.6413ms
2023-11-07 15:43:10.114 +01:00 [Information] Sending file. Request path: '"/lib/jquery/jquery.js"'. Physical path: '"C:\Users\Leon Li\source\repos\LeonTLam\GroupAssignment2\GroupAssignment2\wwwroot\lib\jquery\jquery.js"'
2023-11-07 15:43:10.114 +01:00 [Information] Sending file. Request path: '"/lib/bootstrap/js/bootstrap.js"'. Physical path: '"C:\Users\Leon Li\source\repos\LeonTLam\GroupAssignment2\GroupAssignment2\wwwroot\lib\bootstrap\js\bootstrap.js"'
2023-11-07 15:43:10.114 +01:00 [Information] Sending file. Request path: '"/lib/jquery-validation-unobtrusive/jquery.validate.unobtrusive.js"'. Physical path: '"C:\Users\Leon Li\source\repos\LeonTLam\GroupAssignment2\GroupAssignment2\wwwroot\lib\jquery-validation-unobtrusive\jquery.validate.unobtrusive.js"'
2023-11-07 15:43:10.114 +01:00 [Information] Sending file. Request path: '"/css/_Layout.css"'. Physical path: '"C:\Users\Leon Li\source\repos\LeonTLam\GroupAssignment2\GroupAssignment2\wwwroot\css\_Layout.css"'
2023-11-07 15:43:10.114 +01:00 [Information] Sending file. Request path: '"/css/index.css"'. Physical path: '"C:\Users\Leon Li\source\repos\LeonTLam\GroupAssignment2\GroupAssignment2\wwwroot\css\index.css"'
2023-11-07 15:43:10.114 +01:00 [Information] Sending file. Request path: '"/images/layout/burgerIcon.png"'. Physical path: '"C:\Users\Leon Li\source\repos\LeonTLam\GroupAssignment2\GroupAssignment2\wwwroot\images\layout\burgerIcon.png"'
2023-11-07 15:43:10.115 +01:00 [Information] Request finished HTTP/2 GET https://localhost:7242/lib/jquery-validation-unobtrusive/jquery.validate.unobtrusive.js - - - 200 19820 application/javascript 84.2447ms
2023-11-07 15:43:10.115 +01:00 [Information] Request finished HTTP/2 GET https://localhost:7242/lib/bootstrap/js/bootstrap.js - - - 200 145313 application/javascript 84.2677ms
2023-11-07 15:43:10.115 +01:00 [Information] Request finished HTTP/2 GET https://localhost:7242/css/_Layout.css - - - 200 410 text/css 84.3501ms
2023-11-07 15:43:10.115 +01:00 [Information] Request finished HTTP/2 GET https://localhost:7242/lib/jquery/jquery.js - - - 200 285314 application/javascript 84.2272ms
2023-11-07 15:43:10.115 +01:00 [Information] Request finished HTTP/2 GET https://localhost:7242/css/index.css - - - 200 803 text/css 84.0257ms
2023-11-07 15:43:10.115 +01:00 [Information] Request finished HTTP/2 GET https://localhost:7242/images/layout/burgerIcon.png - - - 200 1664 image/png 84.2919ms
2023-11-07 15:43:10.119 +01:00 [Information] Request starting HTTP/2 GET https://localhost:7242/css/_Button.css - -
2023-11-07 15:43:10.124 +01:00 [Information] Request starting HTTP/2 GET https://localhost:7242/_framework/aspnetcore-browser-refresh.js - -
2023-11-07 15:43:10.124 +01:00 [Information] Request starting HTTP/2 GET https://localhost:7242/_vs/browserLink - -
2023-11-07 15:43:10.124 +01:00 [Information] Request starting HTTP/2 GET https://localhost:7242/js/site.js?v=4q1jwFhaPaZgr8WAUSrux6hAuh0XDg9kPS3xIVq36I0 - -
2023-11-07 15:43:10.125 +01:00 [Information] Sending file. Request path: '"/js/site.js"'. Physical path: '"C:\Users\Leon Li\source\repos\LeonTLam\GroupAssignment2\GroupAssignment2\wwwroot\js\site.js"'
2023-11-07 15:43:10.126 +01:00 [Information] Request finished HTTP/2 GET https://localhost:7242/js/site.js?v=4q1jwFhaPaZgr8WAUSrux6hAuh0XDg9kPS3xIVq36I0 - - - 200 230 application/javascript 1.8151ms
2023-11-07 15:43:10.128 +01:00 [Information] Request finished HTTP/2 GET https://localhost:7242/_framework/aspnetcore-browser-refresh.js - - - 200 12364 application/javascript;+charset=utf-8 3.8126ms
2023-11-07 15:43:10.129 +01:00 [Information] Sending file. Request path: '"/css/_Button.css"'. Physical path: '"C:\Users\Leon Li\source\repos\LeonTLam\GroupAssignment2\GroupAssignment2\wwwroot\css\_Button.css"'
2023-11-07 15:43:10.129 +01:00 [Information] Request finished HTTP/2 GET https://localhost:7242/css/_Button.css - - - 200 2319 text/css 10.2056ms
2023-11-07 15:43:10.139 +01:00 [Information] Request starting HTTP/2 GET https://localhost:7242/images/home/jumbotron.jpg - -
2023-11-07 15:43:10.153 +01:00 [Information] Request finished HTTP/2 GET https://localhost:7242/_vs/browserLink - - - 200 - text/javascript;+charset=UTF-8 29.7404ms
2023-11-07 15:43:10.153 +01:00 [Information] Sending file. Request path: '"/images/home/jumbotron.jpg"'. Physical path: '"C:\Users\Leon Li\source\repos\LeonTLam\GroupAssignment2\GroupAssignment2\wwwroot\images\home\jumbotron.jpg"'
2023-11-07 15:43:10.153 +01:00 [Information] Request finished HTTP/2 GET https://localhost:7242/images/home/jumbotron.jpg - - - 200 282612 image/jpeg 14.9207ms
2023-11-07 15:43:10.695 +01:00 [Information] Request starting HTTP/2 GET https://localhost:7242/logo.ico - -
2023-11-07 15:43:10.706 +01:00 [Information] Sending file. Request path: '"/logo.ico"'. Physical path: '"C:\Users\Leon Li\source\repos\LeonTLam\GroupAssignment2\GroupAssignment2\wwwroot\logo.ico"'
2023-11-07 15:43:10.707 +01:00 [Information] Request finished HTTP/2 GET https://localhost:7242/logo.ico - - - 200 1406 image/x-icon 11.3136ms
2023-11-07 15:43:20.960 +01:00 [Information] Request starting HTTP/2 GET https://localhost:7242/Housing/Table - -
2023-11-07 15:43:20.966 +01:00 [Information] Authorization failed. "These requirements were not met:
RolesAuthorizationRequirement:User.IsInRole must be true for one of the following roles: (Admin|User)"
2023-11-07 15:43:20.969 +01:00 [Information] AuthenticationScheme: "Identity.Application" was challenged.
2023-11-07 15:43:20.969 +01:00 [Information] Request finished HTTP/2 GET https://localhost:7242/Housing/Table - - - 302 0 - 8.9036ms
2023-11-07 15:43:20.972 +01:00 [Information] Request starting HTTP/2 GET https://localhost:7242/Identity/Account/Login?ReturnUrl=%2FHousing%2FTable - -
2023-11-07 15:43:20.973 +01:00 [Information] Executing endpoint '"/Account/Login"'
2023-11-07 15:43:20.986 +01:00 [Information] Route matched with "{page = \"/Account/Login\", area = \"Identity\", action = \"\", controller = \"\"}". Executing page "/Account/Login"
2023-11-07 15:43:21.000 +01:00 [Information] Executing handler method "GroupAssignment2.Areas.Identity.Pages.Account.LoginModel.OnGetAsync" - ModelState is Valid
2023-11-07 15:43:21.005 +01:00 [Information] AuthenticationScheme: "Identity.External" signed out.
2023-11-07 15:43:21.006 +01:00 [Information] Executed handler method "OnGetAsync", returned result "".
2023-11-07 15:43:21.009 +01:00 [Information] Executing an implicit handler method - ModelState is Valid
2023-11-07 15:43:21.009 +01:00 [Information] Executed an implicit handler method, returned result "Microsoft.AspNetCore.Mvc.RazorPages.PageResult".
2023-11-07 15:43:21.053 +01:00 [Information] Executed page "/Account/Login" in 66.7583ms
2023-11-07 15:43:21.053 +01:00 [Information] Executed endpoint '"/Account/Login"'
2023-11-07 15:43:21.055 +01:00 [Information] Request finished HTTP/2 GET https://localhost:7242/Identity/Account/Login?ReturnUrl=%2FHousing%2FTable - - - 200 - text/html;+charset=utf-8 83.7510ms
2023-11-07 15:43:21.058 +01:00 [Information] Request starting HTTP/2 GET https://localhost:7242/lib/jquery-validate/jquery.validate.js - -
2023-11-07 15:43:21.058 +01:00 [Information] Request starting HTTP/2 GET https://localhost:7242/Identity/lib/jquery-validation/dist/jquery.validate.js - -
2023-11-07 15:43:21.058 +01:00 [Information] Request starting HTTP/2 GET https://localhost:7242/Identity/lib/jquery-validation-unobtrusive/jquery.validate.unobtrusive.js - -
2023-11-07 15:43:21.059 +01:00 [Information] Request finished HTTP/2 GET https://localhost:7242/lib/jquery-validate/jquery.validate.js - - - 404 0 - 1.3710ms
2023-11-07 15:43:21.066 +01:00 [Information] Request starting HTTP/2 GET https://localhost:7242/_vs/browserLink - -
2023-11-07 15:43:21.066 +01:00 [Information] Request starting HTTP/2 GET https://localhost:7242/_framework/aspnetcore-browser-refresh.js - -
2023-11-07 15:43:21.066 +01:00 [Information] Request finished HTTP/2 GET https://localhost:7242/_framework/aspnetcore-browser-refresh.js - - - 200 12364 application/javascript;+charset=utf-8 0.6257ms
2023-11-07 15:43:21.069 +01:00 [Information] Request finished HTTP/2 GET https://localhost:7242/_vs/browserLink - - - 200 - text/javascript;+charset=UTF-8 3.7381ms
2023-11-07 15:43:21.084 +01:00 [Information] Sending file. Request path: '"/Identity/lib/jquery-validation-unobtrusive/jquery.validate.unobtrusive.js"'. Physical path: '"C:\Users\Leon Li\.nuget\packages\microsoft.aspnetcore.identity.ui\6.0.6\staticwebassets\V5\lib\jquery-validation-unobtrusive\jquery.validate.unobtrusive.js"'
2023-11-07 15:43:21.084 +01:00 [Information] Request finished HTTP/2 GET https://localhost:7242/Identity/lib/jquery-validation-unobtrusive/jquery.validate.unobtrusive.js - - - 200 19366 application/javascript 25.5235ms
2023-11-07 15:43:21.086 +01:00 [Information] Sending file. Request path: '"/Identity/lib/jquery-validation/dist/jquery.validate.js"'. Physical path: '"C:\Users\Leon Li\.nuget\packages\microsoft.aspnetcore.identity.ui\6.0.6\staticwebassets\V5\lib\jquery-validation\dist\jquery.validate.js"'
2023-11-07 15:43:21.086 +01:00 [Information] Request finished HTTP/2 GET https://localhost:7242/Identity/lib/jquery-validation/dist/jquery.validate.js - - - 200 48676 application/javascript 28.4416ms
2023-11-07 15:43:29.740 +01:00 [Information] Request starting HTTP/2 POST https://localhost:7242/Identity/Account/Login?ReturnUrl=%2FHousing%2FTable application/x-www-form-urlencoded 262
2023-11-07 15:43:29.748 +01:00 [Information] Executing endpoint '"/Account/Login"'
2023-11-07 15:43:29.748 +01:00 [Information] Route matched with "{page = \"/Account/Login\", area = \"Identity\", action = \"\", controller = \"\"}". Executing page "/Account/Login"
2023-11-07 15:43:29.766 +01:00 [Information] Executing handler method "GroupAssignment2.Areas.Identity.Pages.Account.LoginModel.OnPostAsync" - ModelState is Valid
2023-11-07 15:43:29.899 +01:00 [Information] AuthenticationScheme: "Identity.Application" signed in.
2023-11-07 15:43:29.899 +01:00 [Information] User logged in.
2023-11-07 15:43:29.900 +01:00 [Information] Executed handler method "OnPostAsync", returned result "Microsoft.AspNetCore.Mvc.LocalRedirectResult".
2023-11-07 15:43:29.900 +01:00 [Information] Executing LocalRedirectResult, redirecting to "/Housing/Table".
2023-11-07 15:43:29.900 +01:00 [Information] Executed page "/Account/Login" in 151.9873ms
2023-11-07 15:43:29.900 +01:00 [Information] Executed endpoint '"/Account/Login"'
2023-11-07 15:43:29.900 +01:00 [Information] Request finished HTTP/2 POST https://localhost:7242/Identity/Account/Login?ReturnUrl=%2FHousing%2FTable application/x-www-form-urlencoded 262 - 302 0 - 159.8172ms
2023-11-07 15:43:29.902 +01:00 [Information] Request starting HTTP/2 GET https://localhost:7242/Housing/Table - -
2023-11-07 15:43:29.906 +01:00 [Information] Executing endpoint '"GroupAssignment2.Controllers.HousingController.Table (GroupAssignment2)"'
2023-11-07 15:43:29.908 +01:00 [Information] Route matched with "{action = \"Table\", controller = \"Housing\", page = \"\", area = \"\"}". Executing controller action with signature "System.Threading.Tasks.Task`1[Microsoft.AspNetCore.Mvc.IActionResult] Table()" on controller "GroupAssignment2.Controllers.HousingController" ("GroupAssignment2").
2023-11-07 15:43:29.929 +01:00 [Information] Executing action method "GroupAssignment2.Controllers.HousingController.Table (GroupAssignment2)" - Validation state: Valid
2023-11-07 15:43:29.930 +01:00 [Information] Executed action method "GroupAssignment2.Controllers.HousingController.Table (GroupAssignment2)", returned result "Microsoft.AspNetCore.Mvc.ViewResult" in 1.0961ms.
2023-11-07 15:43:29.931 +01:00 [Information] Executing ViewResult, running view "Table".
2023-11-07 15:43:29.951 +01:00 [Information] Executed ViewResult - view "Table" executed in 20.9821ms.
2023-11-07 15:43:29.952 +01:00 [Information] Executed action "GroupAssignment2.Controllers.HousingController.Table (GroupAssignment2)" in 44.0507ms
2023-11-07 15:43:29.952 +01:00 [Information] Executed endpoint '"GroupAssignment2.Controllers.HousingController.Table (GroupAssignment2)"'
2023-11-07 15:43:29.955 +01:00 [Information] Request finished HTTP/2 GET https://localhost:7242/Housing/Table - - - 200 - text/html;+charset=utf-8 52.3868ms
2023-11-07 15:43:29.958 +01:00 [Information] Request starting HTTP/2 GET https://localhost:7242/lib/jquery-validate/jquery.validate.js - -
2023-11-07 15:43:29.958 +01:00 [Information] Request starting HTTP/2 GET https://localhost:7242/css/table.css - -
2023-11-07 15:43:29.958 +01:00 [Information] Request starting HTTP/2 GET https://localhost:7242/images/housing/Grid_Table.jpg - -
2023-11-07 15:43:29.959 +01:00 [Information] Request finished HTTP/2 GET https://localhost:7242/lib/jquery-validate/jquery.validate.js - - - 404 0 - 1.7312ms
2023-11-07 15:43:29.963 +01:00 [Information] Sending file. Request path: '"/images/housing/Grid_Table.jpg"'. Physical path: '"C:\Users\Leon Li\source\repos\LeonTLam\GroupAssignment2\GroupAssignment2\wwwroot\images\housing\Grid_Table.jpg"'
2023-11-07 15:43:29.963 +01:00 [Information] Request finished HTTP/2 GET https://localhost:7242/images/housing/Grid_Table.jpg - - - 200 11704 image/jpeg 5.1001ms
2023-11-07 15:43:29.964 +01:00 [Information] Request starting HTTP/2 GET https://localhost:7242/_framework/aspnetcore-browser-refresh.js - -
2023-11-07 15:43:29.964 +01:00 [Information] Request starting HTTP/2 GET https://localhost:7242/_vs/browserLink - -
2023-11-07 15:43:29.964 +01:00 [Information] Request finished HTTP/2 GET https://localhost:7242/_framework/aspnetcore-browser-refresh.js - - - 200 12364 application/javascript;+charset=utf-8 0.5223ms
2023-11-07 15:43:29.968 +01:00 [Information] Request finished HTTP/2 GET https://localhost:7242/_vs/browserLink - - - 200 - text/javascript;+charset=UTF-8 4.1633ms
2023-11-07 15:43:29.971 +01:00 [Information] Sending file. Request path: '"/css/table.css"'. Physical path: '"C:\Users\Leon Li\source\repos\LeonTLam\GroupAssignment2\GroupAssignment2\wwwroot\css\table.css"'
2023-11-07 15:43:29.971 +01:00 [Information] Request finished HTTP/2 GET https://localhost:7242/css/table.css - - - 200 830 text/css 13.2290ms
2023-11-07 15:43:34.294 +01:00 [Information] Request starting HTTP/2 GET https://localhost:7242/Housing/Details/1 - -
2023-11-07 15:43:34.295 +01:00 [Information] Executing endpoint '"GroupAssignment2.Controllers.HousingController.Details (GroupAssignment2)"'
2023-11-07 15:43:34.297 +01:00 [Information] Route matched with "{action = \"Details\", controller = \"Housing\", page = \"\", area = \"\"}". Executing controller action with signature "System.Threading.Tasks.Task`1[Microsoft.AspNetCore.Mvc.IActionResult] Details(Int32)" on controller "GroupAssignment2.Controllers.HousingController" ("GroupAssignment2").
2023-11-07 15:43:34.313 +01:00 [Information] Executing action method "GroupAssignment2.Controllers.HousingController.Details (GroupAssignment2)" - Validation state: Valid
2023-11-07 15:43:34.323 +01:00 [Information] Executed action method "GroupAssignment2.Controllers.HousingController.Details (GroupAssignment2)", returned result "Microsoft.AspNetCore.Mvc.ViewResult" in 9.614ms.
2023-11-07 15:43:34.323 +01:00 [Information] Executing ViewResult, running view "Details".
2023-11-07 15:43:34.336 +01:00 [Information] Executed ViewResult - view "Details" executed in 13.4853ms.
2023-11-07 15:43:34.336 +01:00 [Information] Executed action "GroupAssignment2.Controllers.HousingController.Details (GroupAssignment2)" in 39.2514ms
2023-11-07 15:43:34.336 +01:00 [Information] Executed endpoint '"GroupAssignment2.Controllers.HousingController.Details (GroupAssignment2)"'
2023-11-07 15:43:34.338 +01:00 [Information] Request finished HTTP/2 GET https://localhost:7242/Housing/Details/1 - - - 200 - text/html;+charset=utf-8 44.2570ms
2023-11-07 15:43:34.340 +01:00 [Information] Request starting HTTP/2 GET https://localhost:7242/lib/jquery-validate/jquery.validate.js - -
2023-11-07 15:43:34.340 +01:00 [Information] Request starting HTTP/2 GET https://localhost:7242/_vs/browserLink - -
2023-11-07 15:43:34.341 +01:00 [Information] Request starting HTTP/2 GET https://localhost:7242/_framework/aspnetcore-browser-refresh.js - -
2023-11-07 15:43:34.341 +01:00 [Information] Request finished HTTP/2 GET https://localhost:7242/_framework/aspnetcore-browser-refresh.js - - - 200 12364 application/javascript;+charset=utf-8 0.4319ms
2023-11-07 15:43:34.341 +01:00 [Information] Request finished HTTP/2 GET https://localhost:7242/lib/jquery-validate/jquery.validate.js - - - 404 0 - 1.2150ms
2023-11-07 15:43:34.344 +01:00 [Information] Request finished HTTP/2 GET https://localhost:7242/_vs/browserLink - - - 200 - text/javascript;+charset=UTF-8 4.4263ms
2023-11-07 15:43:35.417 +01:00 [Information] Request starting HTTP/2 GET https://localhost:7242/Order/CreateOrder/1 - -
2023-11-07 15:43:35.418 +01:00 [Information] Executing endpoint '"GroupAssignment2.Controllers.OrderController.CreateOrder (GroupAssignment2)"'
2023-11-07 15:43:35.419 +01:00 [Information] Route matched with "{action = \"CreateOrder\", controller = \"Order\", page = \"\", area = \"\"}". Executing controller action with signature "System.Threading.Tasks.Task`1[Microsoft.AspNetCore.Mvc.IActionResult] CreateOrder(Int32)" on controller "GroupAssignment2.Controllers.OrderController" ("GroupAssignment2").
2023-11-07 15:43:35.435 +01:00 [Information] Executing action method "GroupAssignment2.Controllers.OrderController.CreateOrder (GroupAssignment2)" - Validation state: Valid
2023-11-07 15:43:35.437 +01:00 [Information] Executed action method "GroupAssignment2.Controllers.OrderController.CreateOrder (GroupAssignment2)", returned result "Microsoft.AspNetCore.Mvc.ViewResult" in 2.0657ms.
2023-11-07 15:43:35.437 +01:00 [Information] Executing ViewResult, running view "CreateOrder".
2023-11-07 15:43:35.458 +01:00 [Information] Executed ViewResult - view "CreateOrder" executed in 21.4454ms.
2023-11-07 15:43:35.458 +01:00 [Information] Executed action "GroupAssignment2.Controllers.OrderController.CreateOrder (GroupAssignment2)" in 38.9789ms
2023-11-07 15:43:35.458 +01:00 [Information] Executed endpoint '"GroupAssignment2.Controllers.OrderController.CreateOrder (GroupAssignment2)"'
2023-11-07 15:43:35.460 +01:00 [Information] Request finished HTTP/2 GET https://localhost:7242/Order/CreateOrder/1 - - - 200 - text/html;+charset=utf-8 43.9901ms
2023-11-07 15:43:35.463 +01:00 [Information] Request starting HTTP/2 GET https://localhost:7242/lib/jquery-validate/jquery.validate.js - -
2023-11-07 15:43:35.464 +01:00 [Information] Request finished HTTP/2 GET https://localhost:7242/lib/jquery-validate/jquery.validate.js - - - 404 0 - 0.7485ms
2023-11-07 15:43:35.465 +01:00 [Information] Request starting HTTP/2 GET https://localhost:7242/_vs/browserLink - -
2023-11-07 15:43:35.465 +01:00 [Information] Request starting HTTP/2 GET https://localhost:7242/_framework/aspnetcore-browser-refresh.js - -
2023-11-07 15:43:35.465 +01:00 [Information] Request finished HTTP/2 GET https://localhost:7242/_framework/aspnetcore-browser-refresh.js - - - 200 12364 application/javascript;+charset=utf-8 0.3196ms
2023-11-07 15:43:35.469 +01:00 [Information] Request finished HTTP/2 GET https://localhost:7242/_vs/browserLink - - - 200 - text/javascript;+charset=UTF-8 3.6309ms
2023-11-07 15:43:51.550 +01:00 [Information] Request starting HTTP/2 POST https://localhost:7242/Order/CreateOrder/1 application/x-www-form-urlencoded 277
2023-11-07 15:43:51.552 +01:00 [Information] Executing endpoint '"GroupAssignment2.Controllers.OrderController.CreateOrder (GroupAssignment2)"'
2023-11-07 15:43:51.554 +01:00 [Information] Route matched with "{action = \"CreateOrder\", controller = \"Order\", page = \"\", area = \"\"}". Executing controller action with signature "System.Threading.Tasks.Task`1[Microsoft.AspNetCore.Mvc.IActionResult] CreateOrder(GroupAssignment2.Models.Order)" on controller "GroupAssignment2.Controllers.OrderController" ("GroupAssignment2").
2023-11-07 15:43:51.581 +01:00 [Information] Executing action method "GroupAssignment2.Controllers.OrderController.CreateOrder (GroupAssignment2)" - Validation state: Valid
2023-11-07 15:43:51.753 +01:00 [Information] Executed action method "GroupAssignment2.Controllers.OrderController.CreateOrder (GroupAssignment2)", returned result "Microsoft.AspNetCore.Mvc.RedirectToActionResult" in 171.7198ms.
2023-11-07 15:43:51.754 +01:00 [Information] Executing RedirectResult, redirecting to "/Transaction/ConfirmOrder?OrderId=8&StartDate=11%2F09%2F2023%2000%3A00%3A00&EndDate=11%2F30%2F2023%2000%3A00%3A00&TotalPrice=24150&CustomerId=aec18610-0516-4db8-9714-bca3d3d46612&HousingId=1".
2023-11-07 15:43:51.754 +01:00 [Information] Executed action "GroupAssignment2.Controllers.OrderController.CreateOrder (GroupAssignment2)" in 199.9756ms
2023-11-07 15:43:51.754 +01:00 [Information] Executed endpoint '"GroupAssignment2.Controllers.OrderController.CreateOrder (GroupAssignment2)"'
2023-11-07 15:43:51.754 +01:00 [Information] Request finished HTTP/2 POST https://localhost:7242/Order/CreateOrder/1 application/x-www-form-urlencoded 277 - 302 0 - 204.4772ms
2023-11-07 15:43:51.756 +01:00 [Information] Request starting HTTP/2 GET https://localhost:7242/Transaction/ConfirmOrder?OrderId=8&StartDate=11%2F09%2F2023%2000%3A00%3A00&EndDate=11%2F30%2F2023%2000%3A00%3A00&TotalPrice=24150&CustomerId=aec18610-0516-4db8-9714-bca3d3d46612&HousingId=1 - -
2023-11-07 15:43:51.757 +01:00 [Information] Executing endpoint '"GroupAssignment2.Controllers.TransactionController.ConfirmOrder (GroupAssignment2)"'
2023-11-07 15:43:51.759 +01:00 [Information] Route matched with "{action = \"ConfirmOrder\", controller = \"Transaction\", page = \"\", area = \"\"}". Executing controller action with signature "System.Threading.Tasks.Task`1[Microsoft.AspNetCore.Mvc.IActionResult] ConfirmOrder(GroupAssignment2.Models.Order)" on controller "GroupAssignment2.Controllers.TransactionController" ("GroupAssignment2").
2023-11-07 15:43:51.775 +01:00 [Information] Executing action method "GroupAssignment2.Controllers.TransactionController.ConfirmOrder (GroupAssignment2)" - Validation state: Valid
2023-11-07 15:43:51.776 +01:00 [Information] Executed action method "GroupAssignment2.Controllers.TransactionController.ConfirmOrder (GroupAssignment2)", returned result "Microsoft.AspNetCore.Mvc.ViewResult" in 1.2083ms.
2023-11-07 15:43:51.776 +01:00 [Information] Executing ViewResult, running view "ConfirmOrder".
2023-11-07 15:43:51.797 +01:00 [Information] Executed ViewResult - view "ConfirmOrder" executed in 21.2876ms.
2023-11-07 15:43:51.798 +01:00 [Information] Executed action "GroupAssignment2.Controllers.TransactionController.ConfirmOrder (GroupAssignment2)" in 38.3668ms
2023-11-07 15:43:51.798 +01:00 [Information] Executed endpoint '"GroupAssignment2.Controllers.TransactionController.ConfirmOrder (GroupAssignment2)"'
2023-11-07 15:43:51.799 +01:00 [Information] Request finished HTTP/2 GET https://localhost:7242/Transaction/ConfirmOrder?OrderId=8&StartDate=11%2F09%2F2023%2000%3A00%3A00&EndDate=11%2F30%2F2023%2000%3A00%3A00&TotalPrice=24150&CustomerId=aec18610-0516-4db8-9714-bca3d3d46612&HousingId=1 - - - 200 - text/html;+charset=utf-8 43.1890ms
2023-11-07 15:43:51.806 +01:00 [Information] Request starting HTTP/2 GET https://localhost:7242/lib/jquery-validate/jquery.validate.js - -
2023-11-07 15:43:51.807 +01:00 [Information] Request finished HTTP/2 GET https://localhost:7242/lib/jquery-validate/jquery.validate.js - - - 404 0 - 0.6443ms
2023-11-07 15:43:51.808 +01:00 [Information] Request starting HTTP/2 GET https://localhost:7242/_framework/aspnetcore-browser-refresh.js - -
2023-11-07 15:43:51.808 +01:00 [Information] Request starting HTTP/2 GET https://localhost:7242/_vs/browserLink - -
2023-11-07 15:43:51.808 +01:00 [Information] Request finished HTTP/2 GET https://localhost:7242/_framework/aspnetcore-browser-refresh.js - - - 200 12364 application/javascript;+charset=utf-8 0.5182ms
2023-11-07 15:43:51.811 +01:00 [Information] Request finished HTTP/2 GET https://localhost:7242/_vs/browserLink - - - 200 - text/javascript;+charset=UTF-8 3.6089ms
2023-11-07 15:44:14.771 +01:00 [Information] Request starting HTTP/2 POST https://localhost:7242/Transaction/ConfirmOrder application/x-www-form-urlencoded 296
2023-11-07 15:44:14.780 +01:00 [Information] Executing endpoint '"GroupAssignment2.Controllers.TransactionController.ConfirmOrder (GroupAssignment2)"'
2023-11-07 15:44:14.781 +01:00 [Information] Route matched with "{action = \"ConfirmOrder\", controller = \"Transaction\", page = \"\", area = \"\"}". Executing controller action with signature "System.Threading.Tasks.Task`1[Microsoft.AspNetCore.Mvc.IActionResult] ConfirmOrder(GroupAssignment2.Models.Transaction, GroupAssignment2.Models.Order)" on controller "GroupAssignment2.Controllers.TransactionController" ("GroupAssignment2").
2023-11-07 15:44:14.797 +01:00 [Information] Executing action method "GroupAssignment2.Controllers.TransactionController.ConfirmOrder (GroupAssignment2)" - Validation state: Valid
2023-11-07 15:44:14.803 +01:00 [Error] Failed executing DbCommand ("3"ms) [Parameters=["@p0='?' (DbType = Int32), @p1='?', @p2='?' (Size = 36), @p3='?' (DbType = DateTime), @p4='?' (DbType = Int32), @p5='?' (DbType = DateTime), @p6='?' (DbType = Decimal)"], CommandType='Text', CommandTimeout='30']"
""INSERT INTO \"Orders\" (\"OrderId\", \"ApplicationUserId\", \"CustomerId\", \"EndDate\", \"HousingId\", \"StartDate\", \"TotalPrice\")
VALUES (@p0, @p1, @p2, @p3, @p4, @p5, @p6);"
2023-11-07 15:44:14.894 +01:00 [Error] An exception occurred in the database while saving changes for context type '"GroupAssignment2.DAL.HousingDbContext"'."
""Microsoft.EntityFrameworkCore.DbUpdateException: An error occurred while saving the entity changes. See the inner exception for details.
 ---> Microsoft.Data.Sqlite.SqliteException (0x80004005): SQLite Error 19: 'UNIQUE constraint failed: Orders.OrderId'.
   at Microsoft.Data.Sqlite.SqliteException.ThrowExceptionForRC(Int32 rc, sqlite3 db)
   at Microsoft.Data.Sqlite.SqliteDataReader.NextResult()
   at Microsoft.Data.Sqlite.SqliteCommand.ExecuteReader(CommandBehavior behavior)
   at Microsoft.Data.Sqlite.SqliteCommand.ExecuteReaderAsync(CommandBehavior behavior, CancellationToken cancellationToken)
   at Microsoft.Data.Sqlite.SqliteCommand.ExecuteDbDataReaderAsync(CommandBehavior behavior, CancellationToken cancellationToken)
   at Microsoft.EntityFrameworkCore.Storage.RelationalCommand.ExecuteReaderAsync(RelationalCommandParameterObject parameterObject, CancellationToken cancellationToken)
   at Microsoft.EntityFrameworkCore.Storage.RelationalCommand.ExecuteReaderAsync(RelationalCommandParameterObject parameterObject, CancellationToken cancellationToken)
   at Microsoft.EntityFrameworkCore.Update.ReaderModificationCommandBatch.ExecuteAsync(IRelationalConnection connection, CancellationToken cancellationToken)
   --- End of inner exception stack trace ---
   at Microsoft.EntityFrameworkCore.Update.ReaderModificationCommandBatch.ExecuteAsync(IRelationalConnection connection, CancellationToken cancellationToken)
   at Microsoft.EntityFrameworkCore.Update.Internal.BatchExecutor.ExecuteAsync(IEnumerable`1 commandBatches, IRelationalConnection connection, CancellationToken cancellationToken)
   at Microsoft.EntityFrameworkCore.Update.Internal.BatchExecutor.ExecuteAsync(IEnumerable`1 commandBatches, IRelationalConnection connection, CancellationToken cancellationToken)
   at Microsoft.EntityFrameworkCore.Update.Internal.BatchExecutor.ExecuteAsync(IEnumerable`1 commandBatches, IRelationalConnection connection, CancellationToken cancellationToken)
   at Microsoft.EntityFrameworkCore.ChangeTracking.Internal.StateManager.SaveChangesAsync(IList`1 entriesToSave, CancellationToken cancellationToken)
   at Microsoft.EntityFrameworkCore.ChangeTracking.Internal.StateManager.SaveChangesAsync(StateManager stateManager, Boolean acceptAllChangesOnSuccess, CancellationToken cancellationToken)
   at Microsoft.EntityFrameworkCore.DbContext.SaveChangesAsync(Boolean acceptAllChangesOnSuccess, CancellationToken cancellationToken)"
Microsoft.EntityFrameworkCore.DbUpdateException: An error occurred while saving the entity changes. See the inner exception for details.
 ---> Microsoft.Data.Sqlite.SqliteException (0x80004005): SQLite Error 19: 'UNIQUE constraint failed: Orders.OrderId'.
   at Microsoft.Data.Sqlite.SqliteException.ThrowExceptionForRC(Int32 rc, sqlite3 db)
   at Microsoft.Data.Sqlite.SqliteDataReader.NextResult()
   at Microsoft.Data.Sqlite.SqliteCommand.ExecuteReader(CommandBehavior behavior)
   at Microsoft.Data.Sqlite.SqliteCommand.ExecuteReaderAsync(CommandBehavior behavior, CancellationToken cancellationToken)
   at Microsoft.Data.Sqlite.SqliteCommand.ExecuteDbDataReaderAsync(CommandBehavior behavior, CancellationToken cancellationToken)
   at Microsoft.EntityFrameworkCore.Storage.RelationalCommand.ExecuteReaderAsync(RelationalCommandParameterObject parameterObject, CancellationToken cancellationToken)
   at Microsoft.EntityFrameworkCore.Storage.RelationalCommand.ExecuteReaderAsync(RelationalCommandParameterObject parameterObject, CancellationToken cancellationToken)
   at Microsoft.EntityFrameworkCore.Update.ReaderModificationCommandBatch.ExecuteAsync(IRelationalConnection connection, CancellationToken cancellationToken)
   --- End of inner exception stack trace ---
   at Microsoft.EntityFrameworkCore.Update.ReaderModificationCommandBatch.ExecuteAsync(IRelationalConnection connection, CancellationToken cancellationToken)
   at Microsoft.EntityFrameworkCore.Update.Internal.BatchExecutor.ExecuteAsync(IEnumerable`1 commandBatches, IRelationalConnection connection, CancellationToken cancellationToken)
   at Microsoft.EntityFrameworkCore.Update.Internal.BatchExecutor.ExecuteAsync(IEnumerable`1 commandBatches, IRelationalConnection connection, CancellationToken cancellationToken)
   at Microsoft.EntityFrameworkCore.Update.Internal.BatchExecutor.ExecuteAsync(IEnumerable`1 commandBatches, IRelationalConnection connection, CancellationToken cancellationToken)
   at Microsoft.EntityFrameworkCore.ChangeTracking.Internal.StateManager.SaveChangesAsync(IList`1 entriesToSave, CancellationToken cancellationToken)
   at Microsoft.EntityFrameworkCore.ChangeTracking.Internal.StateManager.SaveChangesAsync(StateManager stateManager, Boolean acceptAllChangesOnSuccess, CancellationToken cancellationToken)
   at Microsoft.EntityFrameworkCore.DbContext.SaveChangesAsync(Boolean acceptAllChangesOnSuccess, CancellationToken cancellationToken)
2023-11-07 15:44:14.964 +01:00 [Error] [OrderRepository] Order creation failed for item Order { OrderId: 8, StartDate: 01/01/0001 00:00:00, EndDate: 01/01/0001 00:00:00, TotalPrice: null, CustomerId: "aec18610-0516-4db8-9714-bca3d3d46612", HousingId: 0 }, error message: "An error occurred while saving the entity changes. See the inner exception for details."
2023-11-07 15:44:14.987 +01:00 [Error] Failed executing DbCommand ("0"ms) [Parameters=["@p0='?' (DbType = Int32), @p1='?', @p2='?' (Size = 36), @p3='?' (DbType = DateTime), @p4='?' (DbType = Int32), @p5='?' (DbType = DateTime), @p6='?' (DbType = Decimal)"], CommandType='Text', CommandTimeout='30']"
""INSERT INTO \"Orders\" (\"OrderId\", \"ApplicationUserId\", \"CustomerId\", \"EndDate\", \"HousingId\", \"StartDate\", \"TotalPrice\")
VALUES (@p0, @p1, @p2, @p3, @p4, @p5, @p6);"
2023-11-07 15:44:14.997 +01:00 [Error] An exception occurred in the database while saving changes for context type '"GroupAssignment2.DAL.HousingDbContext"'."
""Microsoft.EntityFrameworkCore.DbUpdateException: An error occurred while saving the entity changes. See the inner exception for details.
 ---> Microsoft.Data.Sqlite.SqliteException (0x80004005): SQLite Error 19: 'UNIQUE constraint failed: Orders.OrderId'.
   at Microsoft.Data.Sqlite.SqliteException.ThrowExceptionForRC(Int32 rc, sqlite3 db)
   at Microsoft.Data.Sqlite.SqliteDataReader.NextResult()
   at Microsoft.Data.Sqlite.SqliteCommand.ExecuteReader(CommandBehavior behavior)
   at Microsoft.Data.Sqlite.SqliteCommand.ExecuteReaderAsync(CommandBehavior behavior, CancellationToken cancellationToken)
   at Microsoft.Data.Sqlite.SqliteCommand.ExecuteDbDataReaderAsync(CommandBehavior behavior, CancellationToken cancellationToken)
   at Microsoft.EntityFrameworkCore.Storage.RelationalCommand.ExecuteReaderAsync(RelationalCommandParameterObject parameterObject, CancellationToken cancellationToken)
   at Microsoft.EntityFrameworkCore.Storage.RelationalCommand.ExecuteReaderAsync(RelationalCommandParameterObject parameterObject, CancellationToken cancellationToken)
   at Microsoft.EntityFrameworkCore.Update.ReaderModificationCommandBatch.ExecuteAsync(IRelationalConnection connection, CancellationToken cancellationToken)
   --- End of inner exception stack trace ---
   at Microsoft.EntityFrameworkCore.Update.ReaderModificationCommandBatch.ExecuteAsync(IRelationalConnection connection, CancellationToken cancellationToken)
   at Microsoft.EntityFrameworkCore.Update.Internal.BatchExecutor.ExecuteAsync(IEnumerable`1 commandBatches, IRelationalConnection connection, CancellationToken cancellationToken)
   at Microsoft.EntityFrameworkCore.Update.Internal.BatchExecutor.ExecuteAsync(IEnumerable`1 commandBatches, IRelationalConnection connection, CancellationToken cancellationToken)
   at Microsoft.EntityFrameworkCore.Update.Internal.BatchExecutor.ExecuteAsync(IEnumerable`1 commandBatches, IRelationalConnection connection, CancellationToken cancellationToken)
   at Microsoft.EntityFrameworkCore.ChangeTracking.Internal.StateManager.SaveChangesAsync(IList`1 entriesToSave, CancellationToken cancellationToken)
   at Microsoft.EntityFrameworkCore.ChangeTracking.Internal.StateManager.SaveChangesAsync(StateManager stateManager, Boolean acceptAllChangesOnSuccess, CancellationToken cancellationToken)
   at Microsoft.EntityFrameworkCore.DbContext.SaveChangesAsync(Boolean acceptAllChangesOnSuccess, CancellationToken cancellationToken)"
Microsoft.EntityFrameworkCore.DbUpdateException: An error occurred while saving the entity changes. See the inner exception for details.
 ---> Microsoft.Data.Sqlite.SqliteException (0x80004005): SQLite Error 19: 'UNIQUE constraint failed: Orders.OrderId'.
   at Microsoft.Data.Sqlite.SqliteException.ThrowExceptionForRC(Int32 rc, sqlite3 db)
   at Microsoft.Data.Sqlite.SqliteDataReader.NextResult()
   at Microsoft.Data.Sqlite.SqliteCommand.ExecuteReader(CommandBehavior behavior)
   at Microsoft.Data.Sqlite.SqliteCommand.ExecuteReaderAsync(CommandBehavior behavior, CancellationToken cancellationToken)
   at Microsoft.Data.Sqlite.SqliteCommand.ExecuteDbDataReaderAsync(CommandBehavior behavior, CancellationToken cancellationToken)
   at Microsoft.EntityFrameworkCore.Storage.RelationalCommand.ExecuteReaderAsync(RelationalCommandParameterObject parameterObject, CancellationToken cancellationToken)
   at Microsoft.EntityFrameworkCore.Storage.RelationalCommand.ExecuteReaderAsync(RelationalCommandParameterObject parameterObject, CancellationToken cancellationToken)
   at Microsoft.EntityFrameworkCore.Update.ReaderModificationCommandBatch.ExecuteAsync(IRelationalConnection connection, CancellationToken cancellationToken)
   --- End of inner exception stack trace ---
   at Microsoft.EntityFrameworkCore.Update.ReaderModificationCommandBatch.ExecuteAsync(IRelationalConnection connection, CancellationToken cancellationToken)
   at Microsoft.EntityFrameworkCore.Update.Internal.BatchExecutor.ExecuteAsync(IEnumerable`1 commandBatches, IRelationalConnection connection, CancellationToken cancellationToken)
   at Microsoft.EntityFrameworkCore.Update.Internal.BatchExecutor.ExecuteAsync(IEnumerable`1 commandBatches, IRelationalConnection connection, CancellationToken cancellationToken)
   at Microsoft.EntityFrameworkCore.Update.Internal.BatchExecutor.ExecuteAsync(IEnumerable`1 commandBatches, IRelationalConnection connection, CancellationToken cancellationToken)
   at Microsoft.EntityFrameworkCore.ChangeTracking.Internal.StateManager.SaveChangesAsync(IList`1 entriesToSave, CancellationToken cancellationToken)
   at Microsoft.EntityFrameworkCore.ChangeTracking.Internal.StateManager.SaveChangesAsync(StateManager stateManager, Boolean acceptAllChangesOnSuccess, CancellationToken cancellationToken)
   at Microsoft.EntityFrameworkCore.DbContext.SaveChangesAsync(Boolean acceptAllChangesOnSuccess, CancellationToken cancellationToken)
2023-11-07 15:44:15.033 +01:00 [Error] [TransactionRepository] Transaction creation failed for item Transaction { TransactionId: 0, Amount: 24150, TransactionDate: "07-11-2023 15:44", CustomerId: "aec18610-0516-4db8-9714-bca3d3d46612", OrderId: 8 }, error message: "An error occurred while saving the entity changes. See the inner exception for details."
2023-11-07 15:44:15.033 +01:00 [Information] Executed action method "GroupAssignment2.Controllers.TransactionController.ConfirmOrder (GroupAssignment2)", returned result "Microsoft.AspNetCore.Mvc.RedirectToActionResult" in 236.7652ms.
2023-11-07 15:44:15.034 +01:00 [Information] Executing RedirectResult, redirecting to "/Transaction/OrderComplete?TransactionId=0&Amount=24150&TransactionDate=07-11-2023%2015%3A44&CustomerId=aec18610-0516-4db8-9714-bca3d3d46612&OrderId=8".
2023-11-07 15:44:15.034 +01:00 [Information] Executed action "GroupAssignment2.Controllers.TransactionController.ConfirmOrder (GroupAssignment2)" in 252.3575ms
2023-11-07 15:44:15.034 +01:00 [Information] Executed endpoint '"GroupAssignment2.Controllers.TransactionController.ConfirmOrder (GroupAssignment2)"'
2023-11-07 15:44:15.034 +01:00 [Information] Request finished HTTP/2 POST https://localhost:7242/Transaction/ConfirmOrder application/x-www-form-urlencoded 296 - 302 0 - 263.5782ms
2023-11-07 15:44:15.040 +01:00 [Information] Request starting HTTP/2 GET https://localhost:7242/Transaction/OrderComplete?TransactionId=0&Amount=24150&TransactionDate=07-11-2023%2015%3A44&CustomerId=aec18610-0516-4db8-9714-bca3d3d46612&OrderId=8 - -
2023-11-07 15:44:15.041 +01:00 [Information] Executing endpoint '"GroupAssignment2.Controllers.TransactionController.OrderCompleteAsync (GroupAssignment2)"'
2023-11-07 15:44:15.042 +01:00 [Information] Route matched with "{action = \"OrderComplete\", controller = \"Transaction\", page = \"\", area = \"\"}". Executing controller action with signature "System.Threading.Tasks.Task`1[Microsoft.AspNetCore.Mvc.IActionResult] OrderCompleteAsync(Int32)" on controller "GroupAssignment2.Controllers.TransactionController" ("GroupAssignment2").
2023-11-07 15:44:15.057 +01:00 [Information] Executing action method "GroupAssignment2.Controllers.TransactionController.OrderCompleteAsync (GroupAssignment2)" - Validation state: Valid
2023-11-07 15:44:15.063 +01:00 [Error] [Transactioncontroller] transaction not found for the TransactionId 0000
2023-11-07 15:44:15.063 +01:00 [Information] Executed action method "GroupAssignment2.Controllers.TransactionController.OrderCompleteAsync (GroupAssignment2)", returned result "Microsoft.AspNetCore.Mvc.NotFoundObjectResult" in 6.0738ms.
2023-11-07 15:44:15.066 +01:00 [Information] Executing "NotFoundObjectResult", writing value of type '"System.String"'.
2023-11-07 15:44:15.068 +01:00 [Information] Executed action "GroupAssignment2.Controllers.TransactionController.OrderCompleteAsync (GroupAssignment2)" in 26.2186ms
2023-11-07 15:44:15.069 +01:00 [Information] Executed endpoint '"GroupAssignment2.Controllers.TransactionController.OrderCompleteAsync (GroupAssignment2)"'
2023-11-07 15:44:15.069 +01:00 [Information] Request finished HTTP/2 GET https://localhost:7242/Transaction/OrderComplete?TransactionId=0&Amount=24150&TransactionDate=07-11-2023%2015%3A44&CustomerId=aec18610-0516-4db8-9714-bca3d3d46612&OrderId=8 - - - 404 - text/plain;+charset=utf-8 28.9728ms
2023-11-07 15:44:15.083 +01:00 [Information] Request starting HTTP/2 GET https://localhost:7242/favicon.ico - -
2023-11-07 15:44:15.083 +01:00 [Information] Request finished HTTP/2 GET https://localhost:7242/favicon.ico - - - 404 0 - 0.7853ms
2023-11-07 15:45:16.392 +01:00 [Information] Request starting HTTP/2 GET https://localhost:7242/Transaction/ConfirmOrder?OrderId=8&StartDate=11%2F09%2F2023%2000%3A00%3A00&EndDate=11%2F30%2F2023%2000%3A00%3A00&TotalPrice=24150&CustomerId=aec18610-0516-4db8-9714-bca3d3d46612&HousingId=1 - -
2023-11-07 15:45:16.404 +01:00 [Information] Executing endpoint '"GroupAssignment2.Controllers.TransactionController.ConfirmOrder (GroupAssignment2)"'
2023-11-07 15:45:16.404 +01:00 [Information] Route matched with "{action = \"ConfirmOrder\", controller = \"Transaction\", page = \"\", area = \"\"}". Executing controller action with signature "System.Threading.Tasks.Task`1[Microsoft.AspNetCore.Mvc.IActionResult] ConfirmOrder(GroupAssignment2.Models.Order)" on controller "GroupAssignment2.Controllers.TransactionController" ("GroupAssignment2").
2023-11-07 15:45:16.422 +01:00 [Information] Executing action method "GroupAssignment2.Controllers.TransactionController.ConfirmOrder (GroupAssignment2)" - Validation state: Valid
2023-11-07 15:45:16.425 +01:00 [Information] Executed action method "GroupAssignment2.Controllers.TransactionController.ConfirmOrder (GroupAssignment2)", returned result "Microsoft.AspNetCore.Mvc.ViewResult" in 3.0349ms.
2023-11-07 15:45:16.425 +01:00 [Information] Executing ViewResult, running view "ConfirmOrder".
2023-11-07 15:45:16.437 +01:00 [Information] Executed ViewResult - view "ConfirmOrder" executed in 11.2619ms.
2023-11-07 15:45:16.437 +01:00 [Information] Executed action "GroupAssignment2.Controllers.TransactionController.ConfirmOrder (GroupAssignment2)" in 33.0671ms
2023-11-07 15:45:16.437 +01:00 [Information] Executed endpoint '"GroupAssignment2.Controllers.TransactionController.ConfirmOrder (GroupAssignment2)"'
2023-11-07 15:45:16.443 +01:00 [Information] Request finished HTTP/2 GET https://localhost:7242/Transaction/ConfirmOrder?OrderId=8&StartDate=11%2F09%2F2023%2000%3A00%3A00&EndDate=11%2F30%2F2023%2000%3A00%3A00&TotalPrice=24150&CustomerId=aec18610-0516-4db8-9714-bca3d3d46612&HousingId=1 - - - 200 - text/html;+charset=utf-8 51.2908ms
2023-11-07 15:45:16.446 +01:00 [Information] Request starting HTTP/2 GET https://localhost:7242/css/_Layout.css - -
2023-11-07 15:45:16.446 +01:00 [Information] Request starting HTTP/2 GET https://localhost:7242/lib/bootstrap/js/bootstrap.js - -
2023-11-07 15:45:16.448 +01:00 [Information] Sending file. Request path: '"/css/_Layout.css"'. Physical path: '"C:\Users\Leon Li\source\repos\LeonTLam\GroupAssignment2\GroupAssignment2\wwwroot\css\_Layout.css"'
2023-11-07 15:45:16.448 +01:00 [Information] Request starting HTTP/2 GET https://localhost:7242/lib/jquery/jquery.js - -
2023-11-07 15:45:16.449 +01:00 [Information] Request finished HTTP/2 GET https://localhost:7242/css/_Layout.css - - - 200 410 text/css 3.5745ms
2023-11-07 15:45:16.490 +01:00 [Information] Request starting HTTP/2 GET https://localhost:7242/lib/jquery-validate/jquery.validate.js - -
2023-11-07 15:45:16.495 +01:00 [Information] Request finished HTTP/2 GET https://localhost:7242/lib/jquery-validate/jquery.validate.js - - - 404 0 - 5.1160ms
2023-11-07 15:45:16.506 +01:00 [Information] Request starting HTTP/2 GET https://localhost:7242/images/layout/burgerIcon.png - -
2023-11-07 15:45:16.506 +01:00 [Information] Request starting HTTP/2 GET https://localhost:7242/lib/jquery-validation-unobtrusive/jquery.validate.unobtrusive.js - -
2023-11-07 15:45:16.506 +01:00 [Information] Sending file. Request path: '"/lib/bootstrap/js/bootstrap.js"'. Physical path: '"C:\Users\Leon Li\source\repos\LeonTLam\GroupAssignment2\GroupAssignment2\wwwroot\lib\bootstrap\js\bootstrap.js"'
2023-11-07 15:45:16.514 +01:00 [Information] Request starting HTTP/2 GET https://localhost:7242/css/_Button.css - -
2023-11-07 15:45:16.515 +01:00 [Information] Sending file. Request path: '"/lib/jquery/jquery.js"'. Physical path: '"C:\Users\Leon Li\source\repos\LeonTLam\GroupAssignment2\GroupAssignment2\wwwroot\lib\jquery\jquery.js"'
2023-11-07 15:45:16.516 +01:00 [Information] Request finished HTTP/2 GET https://localhost:7242/lib/bootstrap/js/bootstrap.js - - - 200 145313 application/javascript 69.1027ms
2023-11-07 15:45:16.516 +01:00 [Information] Sending file. Request path: '"/css/_Button.css"'. Physical path: '"C:\Users\Leon Li\source\repos\LeonTLam\GroupAssignment2\GroupAssignment2\wwwroot\css\_Button.css"'
2023-11-07 15:45:16.516 +01:00 [Information] Sending file. Request path: '"/lib/jquery-validation-unobtrusive/jquery.validate.unobtrusive.js"'. Physical path: '"C:\Users\Leon Li\source\repos\LeonTLam\GroupAssignment2\GroupAssignment2\wwwroot\lib\jquery-validation-unobtrusive\jquery.validate.unobtrusive.js"'
2023-11-07 15:45:16.517 +01:00 [Information] Request finished HTTP/2 GET https://localhost:7242/lib/jquery/jquery.js - - - 200 285314 application/javascript 68.1942ms
2023-11-07 15:45:16.517 +01:00 [Information] Request finished HTTP/2 GET https://localhost:7242/css/_Button.css - - - 200 2319 text/css 2.6715ms
2023-11-07 15:45:16.517 +01:00 [Information] Sending file. Request path: '"/images/layout/burgerIcon.png"'. Physical path: '"C:\Users\Leon Li\source\repos\LeonTLam\GroupAssignment2\GroupAssignment2\wwwroot\images\layout\burgerIcon.png"'
2023-11-07 15:45:16.518 +01:00 [Information] Request finished HTTP/2 GET https://localhost:7242/lib/jquery-validation-unobtrusive/jquery.validate.unobtrusive.js - - - 200 19820 application/javascript 11.6974ms
2023-11-07 15:45:16.518 +01:00 [Information] Request finished HTTP/2 GET https://localhost:7242/images/layout/burgerIcon.png - - - 200 1664 image/png 11.8151ms
2023-11-07 15:45:16.522 +01:00 [Information] Request starting HTTP/2 GET https://localhost:7242/_vs/browserLink - -
2023-11-07 15:45:16.522 +01:00 [Information] Request starting HTTP/2 GET https://localhost:7242/_framework/aspnetcore-browser-refresh.js - -
2023-11-07 15:45:16.522 +01:00 [Information] Request starting HTTP/2 GET https://localhost:7242/js/site.js?v=4q1jwFhaPaZgr8WAUSrux6hAuh0XDg9kPS3xIVq36I0 - -
2023-11-07 15:45:16.522 +01:00 [Information] Request finished HTTP/2 GET https://localhost:7242/_framework/aspnetcore-browser-refresh.js - - - 200 12364 application/javascript;+charset=utf-8 0.6131ms
2023-11-07 15:45:16.523 +01:00 [Information] Sending file. Request path: '"/js/site.js"'. Physical path: '"C:\Users\Leon Li\source\repos\LeonTLam\GroupAssignment2\GroupAssignment2\wwwroot\js\site.js"'
2023-11-07 15:45:16.524 +01:00 [Information] Request finished HTTP/2 GET https://localhost:7242/js/site.js?v=4q1jwFhaPaZgr8WAUSrux6hAuh0XDg9kPS3xIVq36I0 - - - 200 230 application/javascript 2.4601ms
2023-11-07 15:45:16.527 +01:00 [Information] Request finished HTTP/2 GET https://localhost:7242/_vs/browserLink - - - 200 - text/javascript;+charset=UTF-8 5.2893ms
2023-11-07 15:45:18.699 +01:00 [Information] Request starting HTTP/2 GET https://localhost:7242/Order/CreateOrder/1 - -
2023-11-07 15:45:18.700 +01:00 [Information] Executing endpoint '"GroupAssignment2.Controllers.OrderController.CreateOrder (GroupAssignment2)"'
2023-11-07 15:45:18.700 +01:00 [Information] Route matched with "{action = \"CreateOrder\", controller = \"Order\", page = \"\", area = \"\"}". Executing controller action with signature "System.Threading.Tasks.Task`1[Microsoft.AspNetCore.Mvc.IActionResult] CreateOrder(Int32)" on controller "GroupAssignment2.Controllers.OrderController" ("GroupAssignment2").
2023-11-07 15:45:18.715 +01:00 [Information] Executing action method "GroupAssignment2.Controllers.OrderController.CreateOrder (GroupAssignment2)" - Validation state: Valid
2023-11-07 15:45:18.716 +01:00 [Information] Executed action method "GroupAssignment2.Controllers.OrderController.CreateOrder (GroupAssignment2)", returned result "Microsoft.AspNetCore.Mvc.ViewResult" in 0.9431ms.
2023-11-07 15:45:18.716 +01:00 [Information] Executing ViewResult, running view "CreateOrder".
2023-11-07 15:45:18.724 +01:00 [Information] Executed ViewResult - view "CreateOrder" executed in 7.3612ms.
2023-11-07 15:45:18.724 +01:00 [Information] Executed action "GroupAssignment2.Controllers.OrderController.CreateOrder (GroupAssignment2)" in 23.6228ms
2023-11-07 15:45:18.724 +01:00 [Information] Executed endpoint '"GroupAssignment2.Controllers.OrderController.CreateOrder (GroupAssignment2)"'
2023-11-07 15:45:18.726 +01:00 [Information] Request finished HTTP/2 GET https://localhost:7242/Order/CreateOrder/1 - - - 200 - text/html;+charset=utf-8 26.7128ms
2023-11-07 15:45:18.729 +01:00 [Information] Request starting HTTP/2 GET https://localhost:7242/lib/jquery-validate/jquery.validate.js - -
2023-11-07 15:45:18.730 +01:00 [Information] Request starting HTTP/2 GET https://localhost:7242/_framework/aspnetcore-browser-refresh.js - -
2023-11-07 15:45:18.730 +01:00 [Information] Request finished HTTP/2 GET https://localhost:7242/_framework/aspnetcore-browser-refresh.js - - - 200 12364 application/javascript;+charset=utf-8 0.3550ms
2023-11-07 15:45:18.730 +01:00 [Information] Request finished HTTP/2 GET https://localhost:7242/lib/jquery-validate/jquery.validate.js - - - 404 0 - 1.1110ms
2023-11-07 15:45:20.293 +01:00 [Information] Request starting HTTP/2 POST https://localhost:7242/Order/CreateOrder/1 application/x-www-form-urlencoded 277
2023-11-07 15:45:20.294 +01:00 [Information] Executing endpoint '"GroupAssignment2.Controllers.OrderController.CreateOrder (GroupAssignment2)"'
2023-11-07 15:45:20.294 +01:00 [Information] Route matched with "{action = \"CreateOrder\", controller = \"Order\", page = \"\", area = \"\"}". Executing controller action with signature "System.Threading.Tasks.Task`1[Microsoft.AspNetCore.Mvc.IActionResult] CreateOrder(GroupAssignment2.Models.Order)" on controller "GroupAssignment2.Controllers.OrderController" ("GroupAssignment2").
2023-11-07 15:45:20.310 +01:00 [Information] Executing action method "GroupAssignment2.Controllers.OrderController.CreateOrder (GroupAssignment2)" - Validation state: Valid
2023-11-07 15:45:20.316 +01:00 [Information] Executed action method "GroupAssignment2.Controllers.OrderController.CreateOrder (GroupAssignment2)", returned result "Microsoft.AspNetCore.Mvc.RedirectToActionResult" in 6.3763ms.
2023-11-07 15:45:20.316 +01:00 [Information] Executing RedirectResult, redirecting to "/Transaction/ConfirmOrder?OrderId=9&StartDate=11%2F09%2F2023%2000%3A00%3A00&EndDate=11%2F30%2F2023%2000%3A00%3A00&TotalPrice=24150&CustomerId=aec18610-0516-4db8-9714-bca3d3d46612&HousingId=1".
2023-11-07 15:45:20.317 +01:00 [Information] Executed action "GroupAssignment2.Controllers.OrderController.CreateOrder (GroupAssignment2)" in 22.8983ms
2023-11-07 15:45:20.317 +01:00 [Information] Executed endpoint '"GroupAssignment2.Controllers.OrderController.CreateOrder (GroupAssignment2)"'
2023-11-07 15:45:20.317 +01:00 [Information] Request finished HTTP/2 POST https://localhost:7242/Order/CreateOrder/1 application/x-www-form-urlencoded 277 - 302 0 - 24.4355ms
2023-11-07 15:45:20.319 +01:00 [Information] Request starting HTTP/2 GET https://localhost:7242/Transaction/ConfirmOrder?OrderId=9&StartDate=11%2F09%2F2023%2000%3A00%3A00&EndDate=11%2F30%2F2023%2000%3A00%3A00&TotalPrice=24150&CustomerId=aec18610-0516-4db8-9714-bca3d3d46612&HousingId=1 - -
2023-11-07 15:45:20.320 +01:00 [Information] Executing endpoint '"GroupAssignment2.Controllers.TransactionController.ConfirmOrder (GroupAssignment2)"'
2023-11-07 15:45:20.320 +01:00 [Information] Route matched with "{action = \"ConfirmOrder\", controller = \"Transaction\", page = \"\", area = \"\"}". Executing controller action with signature "System.Threading.Tasks.Task`1[Microsoft.AspNetCore.Mvc.IActionResult] ConfirmOrder(GroupAssignment2.Models.Order)" on controller "GroupAssignment2.Controllers.TransactionController" ("GroupAssignment2").
2023-11-07 15:45:20.336 +01:00 [Information] Executing action method "GroupAssignment2.Controllers.TransactionController.ConfirmOrder (GroupAssignment2)" - Validation state: Valid
2023-11-07 15:45:20.337 +01:00 [Information] Executed action method "GroupAssignment2.Controllers.TransactionController.ConfirmOrder (GroupAssignment2)", returned result "Microsoft.AspNetCore.Mvc.ViewResult" in 0.9398ms.
2023-11-07 15:45:20.337 +01:00 [Information] Executing ViewResult, running view "ConfirmOrder".
2023-11-07 15:45:20.344 +01:00 [Information] Executed ViewResult - view "ConfirmOrder" executed in 7.2796ms.
2023-11-07 15:45:20.344 +01:00 [Information] Executed action "GroupAssignment2.Controllers.TransactionController.ConfirmOrder (GroupAssignment2)" in 24.0647ms
2023-11-07 15:45:20.344 +01:00 [Information] Executed endpoint '"GroupAssignment2.Controllers.TransactionController.ConfirmOrder (GroupAssignment2)"'
2023-11-07 15:45:20.346 +01:00 [Information] Request finished HTTP/2 GET https://localhost:7242/Transaction/ConfirmOrder?OrderId=9&StartDate=11%2F09%2F2023%2000%3A00%3A00&EndDate=11%2F30%2F2023%2000%3A00%3A00&TotalPrice=24150&CustomerId=aec18610-0516-4db8-9714-bca3d3d46612&HousingId=1 - - - 200 - text/html;+charset=utf-8 27.0842ms
2023-11-07 15:45:20.351 +01:00 [Information] Request starting HTTP/2 GET https://localhost:7242/lib/jquery-validate/jquery.validate.js - -
2023-11-07 15:45:20.351 +01:00 [Information] Request finished HTTP/2 GET https://localhost:7242/lib/jquery-validate/jquery.validate.js - - - 404 0 - 0.8046ms
2023-11-07 15:45:20.353 +01:00 [Information] Request starting HTTP/2 GET https://localhost:7242/_vs/browserLink - -
2023-11-07 15:45:20.353 +01:00 [Information] Request starting HTTP/2 GET https://localhost:7242/_framework/aspnetcore-browser-refresh.js - -
2023-11-07 15:45:20.353 +01:00 [Information] Request finished HTTP/2 GET https://localhost:7242/_framework/aspnetcore-browser-refresh.js - - - 200 12364 application/javascript;+charset=utf-8 0.3512ms
2023-11-07 15:45:20.363 +01:00 [Information] Request finished HTTP/2 GET https://localhost:7242/_vs/browserLink - - - 200 - text/javascript;+charset=UTF-8 10.5029ms
